Local time and date: Thu Oct 10 16:52:42 2024

ERRORS: INVALID STRUCT CANARY INVALID DATA CANARY INVALID HASH DAMAGED STACK ERR INVALID FILE POINTER REQUESTED TOO MUCH REQUESTED TOO LITTLE INVALID SIZE STACK OVERFLOW STACK UNDERFLOW 
Stack_t[0x5b3480c95840] stack at src/stack.cpp:696 in function StackReturnCode CountDataHash(StackId_t)
Born at src/proc.cpp:11 in function void Run()

Stack ID             = 1

LEFT  STRUCT CANARY  = 58188442558455514
RIGHT STRUCT CANARY  = 58188442558455514

LEFT  DATA   CANARY  = 58188442558455514
RIGHT DATA   CANARY  = 58188442558455514

STRUCT HASH          = 0
DATA   HASH          = 0

capacity             = 8
size                 = 0

[0] = 0 (POISON) 
[1] = 0 (POISON) 
[2] = 0 (POISON) 
[3] = 0 (POISON) 
[4] = 0 (POISON) 
[5] = 0 (POISON) 
[6] = 0 (POISON) 
[7] = 0 (POISON) 


---------------------------------------------------------------------

Local time and date: Thu Oct 10 16:52:42 2024

ERRORS: INVALID STRUCT CANARY INVALID DATA CANARY INVALID HASH DAMAGED STACK ERR INVALID FILE POINTER REQUESTED TOO MUCH REQUESTED TOO LITTLE INVALID SIZE STACK OVERFLOW STACK UNDERFLOW 
Stack_t[0x5b3480c95840] stack at src/stack.cpp:718 in function StackReturnCode CountStructHash(StackId_t)
Born at src/proc.cpp:11 in function void Run()

Stack ID             = 1

LEFT  STRUCT CANARY  = 58188442558455514
RIGHT STRUCT CANARY  = 58188442558455514

LEFT  DATA   CANARY  = 58188442558455514
RIGHT DATA   CANARY  = 58188442558455514

STRUCT HASH          = 0
DATA   HASH          = 8200768652963271

capacity             = 8
size                 = 0

[0] = 0 (POISON) 
[1] = 0 (POISON) 
[2] = 0 (POISON) 
[3] = 0 (POISON) 
[4] = 0 (POISON) 
[5] = 0 (POISON) 
[6] = 0 (POISON) 
[7] = 0 (POISON) 


---------------------------------------------------------------------

Local time and date: Thu Oct 10 16:52:42 2024

ERRORS: INVALID STRUCT CANARY INVALID DATA CANARY INVALID HASH DAMAGED STACK ERR INVALID FILE POINTER REQUESTED TOO MUCH REQUESTED TOO LITTLE INVALID SIZE STACK OVERFLOW STACK UNDERFLOW 
Stack_t[0x5b3480c95840] stack at src/stack.cpp:173 in function StackId_t StackCtor(int, int, const char*, const char*)
Born at src/proc.cpp:11 in function void Run()

Stack ID             = 1

LEFT  STRUCT CANARY  = 58188442558455514
RIGHT STRUCT CANARY  = 58188442558455514

LEFT  DATA   CANARY  = 58188442558455514
RIGHT DATA   CANARY  = 58188442558455514

STRUCT HASH          = 7111968542028134667
DATA   HASH          = 8200768652963271

capacity             = 8
size                 = 0

[0] = 0 (POISON) 
[1] = 0 (POISON) 
[2] = 0 (POISON) 
[3] = 0 (POISON) 
[4] = 0 (POISON) 
[5] = 0 (POISON) 
[6] = 0 (POISON) 
[7] = 0 (POISON) 


---------------------------------------------------------------------

Local time and date: Thu Oct 10 16:52:44 2024

ERRORS: INVALID STRUCT CANARY INVALID DATA CANARY INVALID HASH DAMAGED STACK ERR INVALID FILE POINTER REQUESTED TOO MUCH REQUESTED TOO LITTLE INVALID SIZE STACK OVERFLOW STACK UNDERFLOW 
Stack_t[0x5b3480c95840] stack at src/stack.cpp:198 in function StackReturnCode StackPush(StackId_t, StackElem_t)
Born at src/proc.cpp:11 in function void Run()

Stack ID             = 1

LEFT  STRUCT CANARY  = 58188442558455514
RIGHT STRUCT CANARY  = 58188442558455514

LEFT  DATA   CANARY  = 58188442558455514
RIGHT DATA   CANARY  = 58188442558455514

STRUCT HASH          = 7111968542028134667
DATA   HASH          = 8200768652963271

capacity             = 8
size                 = 0

[0] = 0 (POISON) 
[1] = 0 (POISON) 
[2] = 0 (POISON) 
[3] = 0 (POISON) 
[4] = 0 (POISON) 
[5] = 0 (POISON) 
[6] = 0 (POISON) 
[7] = 0 (POISON) 


---------------------------------------------------------------------

Local time and date: Thu Oct 10 16:52:44 2024

ERRORS: INVALID STRUCT CANARY INVALID DATA CANARY INVALID HASH DAMAGED STACK ERR INVALID FILE POINTER REQUESTED TOO MUCH REQUESTED TOO LITTLE INVALID SIZE STACK OVERFLOW STACK UNDERFLOW 
Stack_t[0x5b3480c95840] stack at src/stack.cpp:885 in function StackReturnCode StackIsDamaged(StackId_t, int, const char*, const char*)
Born at src/proc.cpp:11 in function void Run()

Stack ID             = 1

LEFT  STRUCT CANARY  = 58188442558455514
RIGHT STRUCT CANARY  = 58188442558455514

LEFT  DATA   CANARY  = 58188442558455514
RIGHT DATA   CANARY  = 58188442558455514

STRUCT HASH          = 7111968542028134667
DATA   HASH          = 8200768652963271

capacity             = 8
size                 = 0

[0] = 0 (POISON) 
[1] = 0 (POISON) 
[2] = 0 (POISON) 
[3] = 0 (POISON) 
[4] = 0 (POISON) 
[5] = 0 (POISON) 
[6] = 0 (POISON) 
[7] = 0 (POISON) 


---------------------------------------------------------------------

Local time and date: Thu Oct 10 16:52:44 2024

ERRORS: INVALID STRUCT CANARY INVALID DATA CANARY INVALID HASH DAMAGED STACK ERR INVALID FILE POINTER REQUESTED TOO MUCH REQUESTED TOO LITTLE INVALID SIZE STACK OVERFLOW STACK UNDERFLOW 
Stack_t[0x5b3480c95840] stack at src/stack.cpp:204 in function StackReturnCode StackPush(StackId_t, StackElem_t)
Born at src/proc.cpp:11 in function void Run()

Stack ID             = 1

LEFT  STRUCT CANARY  = 58188442558455514
RIGHT STRUCT CANARY  = 58188442558455514

LEFT  DATA   CANARY  = 58188442558455514
RIGHT DATA   CANARY  = 58188442558455514

STRUCT HASH          = 7111968542028134667
DATA   HASH          = 8200768652963271

capacity             = 8
size                 = 0

[0] = 0 (POISON) 
[1] = 0 (POISON) 
[2] = 0 (POISON) 
[3] = 0 (POISON) 
[4] = 0 (POISON) 
[5] = 0 (POISON) 
[6] = 0 (POISON) 
[7] = 0 (POISON) 


---------------------------------------------------------------------

Local time and date: Thu Oct 10 16:52:44 2024

ERRORS: INVALID STRUCT CANARY INVALID DATA CANARY INVALID HASH DAMAGED STACK ERR INVALID FILE POINTER REQUESTED TOO MUCH REQUESTED TOO LITTLE INVALID SIZE STACK OVERFLOW STACK UNDERFLOW 
Stack_t[0x5b3480c95840] stack at src/stack.cpp:696 in function StackReturnCode CountDataHash(StackId_t)
Born at src/proc.cpp:11 in function void Run()

Stack ID             = 1

LEFT  STRUCT CANARY  = 58188442558455514
RIGHT STRUCT CANARY  = 58188442558455514

LEFT  DATA   CANARY  = 58188442558455514
RIGHT DATA   CANARY  = 58188442558455514

STRUCT HASH          = 7111968542028134667
DATA   HASH          = 8200768652963271

capacity             = 8
size                 = 0

[0] = 0 (POISON) 
[1] = 0 (POISON) 
[2] = 0 (POISON) 
[3] = 0 (POISON) 
[4] = 0 (POISON) 
[5] = 0 (POISON) 
[6] = 0 (POISON) 
[7] = 0 (POISON) 


---------------------------------------------------------------------

Local time and date: Thu Oct 10 16:52:44 2024

ERRORS: INVALID STRUCT CANARY INVALID DATA CANARY INVALID HASH DAMAGED STACK ERR INVALID FILE POINTER REQUESTED TOO MUCH REQUESTED TOO LITTLE INVALID SIZE STACK OVERFLOW STACK UNDERFLOW 
Stack_t[0x5b3480c95840] stack at src/stack.cpp:718 in function StackReturnCode CountStructHash(StackId_t)
Born at src/proc.cpp:11 in function void Run()

Stack ID             = 1

LEFT  STRUCT CANARY  = 58188442558455514
RIGHT STRUCT CANARY  = 58188442558455514

LEFT  DATA   CANARY  = 58188442558455514
RIGHT DATA   CANARY  = 58188442558455514

STRUCT HASH          = 7111968542028134667
DATA   HASH          = 8200768652963271

capacity             = 8
size                 = 0

[0] = 0 (POISON) 
[1] = 0 (POISON) 
[2] = 0 (POISON) 
[3] = 0 (POISON) 
[4] = 0 (POISON) 
[5] = 0 (POISON) 
[6] = 0 (POISON) 
[7] = 0 (POISON) 


---------------------------------------------------------------------

Local time and date: Thu Oct 10 16:52:44 2024

ERRORS: INVALID STRUCT CANARY INVALID DATA CANARY INVALID HASH DAMAGED STACK ERR INVALID FILE POINTER REQUESTED TOO MUCH REQUESTED TOO LITTLE INVALID SIZE STACK OVERFLOW STACK UNDERFLOW 
Stack_t[0x5b3480c95840] stack at src/stack.cpp:235 in function StackReturnCode StackPush(StackId_t, StackElem_t)
Born at src/proc.cpp:11 in function void Run()

Stack ID             = 1

LEFT  STRUCT CANARY  = 58188442558455514
RIGHT STRUCT CANARY  = 58188442558455514

LEFT  DATA   CANARY  = 58188442558455514
RIGHT DATA   CANARY  = 58188442558455514

STRUCT HASH          = 7111968542028134667
DATA   HASH          = 8200768652963271

capacity             = 8
size                 = 1

[0] = 1
[1] = 0 (POISON) 
[2] = 0 (POISON) 
[3] = 0 (POISON) 
[4] = 0 (POISON) 
[5] = 0 (POISON) 
[6] = 0 (POISON) 
[7] = 0 (POISON) 


---------------------------------------------------------------------

Local time and date: Thu Oct 10 16:52:44 2024

ERRORS: INVALID STRUCT CANARY INVALID DATA CANARY INVALID HASH DAMAGED STACK ERR INVALID FILE POINTER REQUESTED TOO MUCH REQUESTED TOO LITTLE INVALID SIZE STACK OVERFLOW STACK UNDERFLOW 
Stack_t[0x5b3480c95840] stack at src/stack.cpp:696 in function StackReturnCode CountDataHash(StackId_t)
Born at src/proc.cpp:11 in function void Run()

Stack ID             = 1

LEFT  STRUCT CANARY  = 58188442558455514
RIGHT STRUCT CANARY  = 58188442558455514

LEFT  DATA   CANARY  = 58188442558455514
RIGHT DATA   CANARY  = 58188442558455514

STRUCT HASH          = 7111968542028134667
DATA   HASH          = 8200768652963271

capacity             = 8
size                 = 1

[0] = 1
[1] = 0 (POISON) 
[2] = 0 (POISON) 
[3] = 0 (POISON) 
[4] = 0 (POISON) 
[5] = 0 (POISON) 
[6] = 0 (POISON) 
[7] = 0 (POISON) 


---------------------------------------------------------------------

Local time and date: Thu Oct 10 16:52:44 2024

ERRORS: INVALID STRUCT CANARY INVALID DATA CANARY INVALID HASH DAMAGED STACK ERR INVALID FILE POINTER REQUESTED TOO MUCH REQUESTED TOO LITTLE INVALID SIZE STACK OVERFLOW STACK UNDERFLOW 
Stack_t[0x5b3480c95840] stack at src/stack.cpp:718 in function StackReturnCode CountStructHash(StackId_t)
Born at src/proc.cpp:11 in function void Run()

Stack ID             = 1

LEFT  STRUCT CANARY  = 58188442558455514
RIGHT STRUCT CANARY  = 58188442558455514

LEFT  DATA   CANARY  = 58188442558455514
RIGHT DATA   CANARY  = 58188442558455514

STRUCT HASH          = 7111968542028134667
DATA   HASH          = 8200811271406248

capacity             = 8
size                 = 1

[0] = 1
[1] = 0 (POISON) 
[2] = 0 (POISON) 
[3] = 0 (POISON) 
[4] = 0 (POISON) 
[5] = 0 (POISON) 
[6] = 0 (POISON) 
[7] = 0 (POISON) 


---------------------------------------------------------------------

Local time and date: Thu Oct 10 16:52:44 2024

ERRORS: INVALID STRUCT CANARY INVALID DATA CANARY INVALID HASH DAMAGED STACK ERR INVALID FILE POINTER REQUESTED TOO MUCH REQUESTED TOO LITTLE INVALID SIZE STACK OVERFLOW STACK UNDERFLOW 
Stack_t[0x5b3480c95840] stack at src/stack.cpp:241 in function StackReturnCode StackPush(StackId_t, StackElem_t)
Born at src/proc.cpp:11 in function void Run()

Stack ID             = 1

LEFT  STRUCT CANARY  = 58188442558455514
RIGHT STRUCT CANARY  = 58188442558455514

LEFT  DATA   CANARY  = 58188442558455514
RIGHT DATA   CANARY  = 58188442558455514

STRUCT HASH          = 1498533035561471610
DATA   HASH          = 8200811271406248

capacity             = 8
size                 = 1

[0] = 1
[1] = 0 (POISON) 
[2] = 0 (POISON) 
[3] = 0 (POISON) 
[4] = 0 (POISON) 
[5] = 0 (POISON) 
[6] = 0 (POISON) 
[7] = 0 (POISON) 


---------------------------------------------------------------------

Local time and date: Thu Oct 10 16:52:44 2024

ERRORS: INVALID STRUCT CANARY INVALID DATA CANARY INVALID HASH DAMAGED STACK ERR INVALID FILE POINTER REQUESTED TOO MUCH REQUESTED TOO LITTLE INVALID SIZE STACK OVERFLOW STACK UNDERFLOW 
Stack_t[0x5b3480c95840] stack at src/stack.cpp:885 in function StackReturnCode StackIsDamaged(StackId_t, int, const char*, const char*)
Born at src/proc.cpp:11 in function void Run()

Stack ID             = 1

LEFT  STRUCT CANARY  = 58188442558455514
RIGHT STRUCT CANARY  = 58188442558455514

LEFT  DATA   CANARY  = 58188442558455514
RIGHT DATA   CANARY  = 58188442558455514

STRUCT HASH          = 1498533035561471610
DATA   HASH          = 8200811271406248

capacity             = 8
size                 = 1

[0] = 1
[1] = 0 (POISON) 
[2] = 0 (POISON) 
[3] = 0 (POISON) 
[4] = 0 (POISON) 
[5] = 0 (POISON) 
[6] = 0 (POISON) 
[7] = 0 (POISON) 


---------------------------------------------------------------------

Local time and date: Thu Oct 10 16:52:44 2024

ERRORS: INVALID STRUCT CANARY INVALID DATA CANARY INVALID HASH DAMAGED STACK ERR INVALID FILE POINTER REQUESTED TOO MUCH REQUESTED TOO LITTLE INVALID SIZE STACK OVERFLOW STACK UNDERFLOW 
Stack_t[0x5b3480c95840] stack at src/stack.cpp:243 in function StackReturnCode StackPush(StackId_t, StackElem_t)
Born at src/proc.cpp:11 in function void Run()

Stack ID             = 1

LEFT  STRUCT CANARY  = 58188442558455514
RIGHT STRUCT CANARY  = 58188442558455514

LEFT  DATA   CANARY  = 58188442558455514
RIGHT DATA   CANARY  = 58188442558455514

STRUCT HASH          = 1498533035561471610
DATA   HASH          = 8200811271406248

capacity             = 8
size                 = 1

[0] = 1
[1] = 0 (POISON) 
[2] = 0 (POISON) 
[3] = 0 (POISON) 
[4] = 0 (POISON) 
[5] = 0 (POISON) 
[6] = 0 (POISON) 
[7] = 0 (POISON) 


---------------------------------------------------------------------

Local time and date: Thu Oct 10 16:52:44 2024

ERRORS: INVALID STRUCT CANARY INVALID DATA CANARY INVALID HASH DAMAGED STACK ERR INVALID FILE POINTER REQUESTED TOO MUCH REQUESTED TOO LITTLE INVALID SIZE STACK OVERFLOW STACK UNDERFLOW 
Stack_t[0x5b3480c95840] stack at src/stack.cpp:696 in function StackReturnCode CountDataHash(StackId_t)
Born at src/proc.cpp:11 in function void Run()

Stack ID             = 1

LEFT  STRUCT CANARY  = 58188442558455514
RIGHT STRUCT CANARY  = 58188442558455514

LEFT  DATA   CANARY  = 58188442558455514
RIGHT DATA   CANARY  = 58188442558455514

STRUCT HASH          = 1498533035561471610
DATA   HASH          = 8200811271406248

capacity             = 8
size                 = 1

[0] = 1
[1] = 0 (POISON) 
[2] = 0 (POISON) 
[3] = 0 (POISON) 
[4] = 0 (POISON) 
[5] = 0 (POISON) 
[6] = 0 (POISON) 
[7] = 0 (POISON) 


---------------------------------------------------------------------

Local time and date: Thu Oct 10 16:52:44 2024

ERRORS: INVALID STRUCT CANARY INVALID DATA CANARY INVALID HASH DAMAGED STACK ERR INVALID FILE POINTER REQUESTED TOO MUCH REQUESTED TOO LITTLE INVALID SIZE STACK OVERFLOW STACK UNDERFLOW 
Stack_t[0x5b3480c95840] stack at src/stack.cpp:718 in function StackReturnCode CountStructHash(StackId_t)
Born at src/proc.cpp:11 in function void Run()

Stack ID             = 1

LEFT  STRUCT CANARY  = 58188442558455514
RIGHT STRUCT CANARY  = 58188442558455514

LEFT  DATA   CANARY  = 58188442558455514
RIGHT DATA   CANARY  = 58188442558455514

STRUCT HASH          = 1498533035561471610
DATA   HASH          = 8200811271406248

capacity             = 8
size                 = 1

[0] = 1
[1] = 0 (POISON) 
[2] = 0 (POISON) 
[3] = 0 (POISON) 
[4] = 0 (POISON) 
[5] = 0 (POISON) 
[6] = 0 (POISON) 
[7] = 0 (POISON) 


---------------------------------------------------------------------

Local time and date: Thu Oct 10 16:52:47 2024

ERRORS: INVALID STRUCT CANARY INVALID DATA CANARY INVALID HASH DAMAGED STACK ERR INVALID FILE POINTER REQUESTED TOO MUCH REQUESTED TOO LITTLE INVALID SIZE STACK OVERFLOW STACK UNDERFLOW 
Stack_t[0x5b3480c95840] stack at src/stack.cpp:198 in function StackReturnCode StackPush(StackId_t, StackElem_t)
Born at src/proc.cpp:11 in function void Run()

Stack ID             = 1

LEFT  STRUCT CANARY  = 58188442558455514
RIGHT STRUCT CANARY  = 58188442558455514

LEFT  DATA   CANARY  = 58188442558455514
RIGHT DATA   CANARY  = 58188442558455514

STRUCT HASH          = 1498533035561471610
DATA   HASH          = 8200811271406248

capacity             = 8
size                 = 1

[0] = 1
[1] = 0 (POISON) 
[2] = 0 (POISON) 
[3] = 0 (POISON) 
[4] = 0 (POISON) 
[5] = 0 (POISON) 
[6] = 0 (POISON) 
[7] = 0 (POISON) 


---------------------------------------------------------------------

Local time and date: Thu Oct 10 16:52:47 2024

ERRORS: INVALID STRUCT CANARY INVALID DATA CANARY INVALID HASH DAMAGED STACK ERR INVALID FILE POINTER REQUESTED TOO MUCH REQUESTED TOO LITTLE INVALID SIZE STACK OVERFLOW STACK UNDERFLOW 
Stack_t[0x5b3480c95840] stack at src/stack.cpp:885 in function StackReturnCode StackIsDamaged(StackId_t, int, const char*, const char*)
Born at src/proc.cpp:11 in function void Run()

Stack ID             = 1

LEFT  STRUCT CANARY  = 58188442558455514
RIGHT STRUCT CANARY  = 58188442558455514

LEFT  DATA   CANARY  = 58188442558455514
RIGHT DATA   CANARY  = 58188442558455514

STRUCT HASH          = 1498533035561471610
DATA   HASH          = 8200811271406248

capacity             = 8
size                 = 1

[0] = 1
[1] = 0 (POISON) 
[2] = 0 (POISON) 
[3] = 0 (POISON) 
[4] = 0 (POISON) 
[5] = 0 (POISON) 
[6] = 0 (POISON) 
[7] = 0 (POISON) 


---------------------------------------------------------------------

Local time and date: Thu Oct 10 16:52:47 2024

ERRORS: INVALID STRUCT CANARY INVALID DATA CANARY INVALID HASH DAMAGED STACK ERR INVALID FILE POINTER REQUESTED TOO MUCH REQUESTED TOO LITTLE INVALID SIZE STACK OVERFLOW STACK UNDERFLOW 
Stack_t[0x5b3480c95840] stack at src/stack.cpp:204 in function StackReturnCode StackPush(StackId_t, StackElem_t)
Born at src/proc.cpp:11 in function void Run()

Stack ID             = 1

LEFT  STRUCT CANARY  = 58188442558455514
RIGHT STRUCT CANARY  = 58188442558455514

LEFT  DATA   CANARY  = 58188442558455514
RIGHT DATA   CANARY  = 58188442558455514

STRUCT HASH          = 1498533035561471610
DATA   HASH          = 8200811271406248

capacity             = 8
size                 = 1

[0] = 1
[1] = 0 (POISON) 
[2] = 0 (POISON) 
[3] = 0 (POISON) 
[4] = 0 (POISON) 
[5] = 0 (POISON) 
[6] = 0 (POISON) 
[7] = 0 (POISON) 


---------------------------------------------------------------------

Local time and date: Thu Oct 10 16:52:47 2024

ERRORS: INVALID STRUCT CANARY INVALID DATA CANARY INVALID HASH DAMAGED STACK ERR INVALID FILE POINTER REQUESTED TOO MUCH REQUESTED TOO LITTLE INVALID SIZE STACK OVERFLOW STACK UNDERFLOW 
Stack_t[0x5b3480c95840] stack at src/stack.cpp:696 in function StackReturnCode CountDataHash(StackId_t)
Born at src/proc.cpp:11 in function void Run()

Stack ID             = 1

LEFT  STRUCT CANARY  = 58188442558455514
RIGHT STRUCT CANARY  = 58188442558455514

LEFT  DATA   CANARY  = 58188442558455514
RIGHT DATA   CANARY  = 58188442558455514

STRUCT HASH          = 1498533035561471610
DATA   HASH          = 8200811271406248

capacity             = 8
size                 = 1

[0] = 1
[1] = 0 (POISON) 
[2] = 0 (POISON) 
[3] = 0 (POISON) 
[4] = 0 (POISON) 
[5] = 0 (POISON) 
[6] = 0 (POISON) 
[7] = 0 (POISON) 


---------------------------------------------------------------------

Local time and date: Thu Oct 10 16:52:47 2024

ERRORS: INVALID STRUCT CANARY INVALID DATA CANARY INVALID HASH DAMAGED STACK ERR INVALID FILE POINTER REQUESTED TOO MUCH REQUESTED TOO LITTLE INVALID SIZE STACK OVERFLOW STACK UNDERFLOW 
Stack_t[0x5b3480c95840] stack at src/stack.cpp:718 in function StackReturnCode CountStructHash(StackId_t)
Born at src/proc.cpp:11 in function void Run()

Stack ID             = 1

LEFT  STRUCT CANARY  = 58188442558455514
RIGHT STRUCT CANARY  = 58188442558455514

LEFT  DATA   CANARY  = 58188442558455514
RIGHT DATA   CANARY  = 58188442558455514

STRUCT HASH          = 1498533035561471610
DATA   HASH          = 8200811271406248

capacity             = 8
size                 = 1

[0] = 1
[1] = 0 (POISON) 
[2] = 0 (POISON) 
[3] = 0 (POISON) 
[4] = 0 (POISON) 
[5] = 0 (POISON) 
[6] = 0 (POISON) 
[7] = 0 (POISON) 


---------------------------------------------------------------------

Local time and date: Thu Oct 10 16:52:47 2024

ERRORS: INVALID STRUCT CANARY INVALID DATA CANARY INVALID HASH DAMAGED STACK ERR INVALID FILE POINTER REQUESTED TOO MUCH REQUESTED TOO LITTLE INVALID SIZE STACK OVERFLOW STACK UNDERFLOW 
Stack_t[0x5b3480c95840] stack at src/stack.cpp:235 in function StackReturnCode StackPush(StackId_t, StackElem_t)
Born at src/proc.cpp:11 in function void Run()

Stack ID             = 1

LEFT  STRUCT CANARY  = 58188442558455514
RIGHT STRUCT CANARY  = 58188442558455514

LEFT  DATA   CANARY  = 58188442558455514
RIGHT DATA   CANARY  = 58188442558455514

STRUCT HASH          = 1498533035561471610
DATA   HASH          = 8200811271406248

capacity             = 8
size                 = 2

[0] = 1
[1] = 3
[2] = 0 (POISON) 
[3] = 0 (POISON) 
[4] = 0 (POISON) 
[5] = 0 (POISON) 
[6] = 0 (POISON) 
[7] = 0 (POISON) 


---------------------------------------------------------------------

Local time and date: Thu Oct 10 16:52:47 2024

ERRORS: INVALID STRUCT CANARY INVALID DATA CANARY INVALID HASH DAMAGED STACK ERR INVALID FILE POINTER REQUESTED TOO MUCH REQUESTED TOO LITTLE INVALID SIZE STACK OVERFLOW STACK UNDERFLOW 
Stack_t[0x5b3480c95840] stack at src/stack.cpp:696 in function StackReturnCode CountDataHash(StackId_t)
Born at src/proc.cpp:11 in function void Run()

Stack ID             = 1

LEFT  STRUCT CANARY  = 58188442558455514
RIGHT STRUCT CANARY  = 58188442558455514

LEFT  DATA   CANARY  = 58188442558455514
RIGHT DATA   CANARY  = 58188442558455514

STRUCT HASH          = 1498533035561471610
DATA   HASH          = 8200811271406248

capacity             = 8
size                 = 2

[0] = 1
[1] = 3
[2] = 0 (POISON) 
[3] = 0 (POISON) 
[4] = 0 (POISON) 
[5] = 0 (POISON) 
[6] = 0 (POISON) 
[7] = 0 (POISON) 


---------------------------------------------------------------------

Local time and date: Thu Oct 10 16:52:47 2024

ERRORS: INVALID STRUCT CANARY INVALID DATA CANARY INVALID HASH DAMAGED STACK ERR INVALID FILE POINTER REQUESTED TOO MUCH REQUESTED TOO LITTLE INVALID SIZE STACK OVERFLOW STACK UNDERFLOW 
Stack_t[0x5b3480c95840] stack at src/stack.cpp:718 in function StackReturnCode CountStructHash(StackId_t)
Born at src/proc.cpp:11 in function void Run()

Stack ID             = 1

LEFT  STRUCT CANARY  = 58188442558455514
RIGHT STRUCT CANARY  = 58188442558455514

LEFT  DATA   CANARY  = 58188442558455514
RIGHT DATA   CANARY  = 58188442558455514

STRUCT HASH          = 1498533035561471610
DATA   HASH          = 8200815145810155

capacity             = 8
size                 = 2

[0] = 1
[1] = 3
[2] = 0 (POISON) 
[3] = 0 (POISON) 
[4] = 0 (POISON) 
[5] = 0 (POISON) 
[6] = 0 (POISON) 
[7] = 0 (POISON) 


---------------------------------------------------------------------

Local time and date: Thu Oct 10 16:52:47 2024

ERRORS: INVALID STRUCT CANARY INVALID DATA CANARY INVALID HASH DAMAGED STACK ERR INVALID FILE POINTER REQUESTED TOO MUCH REQUESTED TOO LITTLE INVALID SIZE STACK OVERFLOW STACK UNDERFLOW 
Stack_t[0x5b3480c95840] stack at src/stack.cpp:241 in function StackReturnCode StackPush(StackId_t, StackElem_t)
Born at src/proc.cpp:11 in function void Run()

Stack ID             = 1

LEFT  STRUCT CANARY  = 58188442558455514
RIGHT STRUCT CANARY  = 58188442558455514

LEFT  DATA   CANARY  = 58188442558455514
RIGHT DATA   CANARY  = 58188442558455514

STRUCT HASH          = 6882334203846173323
DATA   HASH          = 8200815145810155

capacity             = 8
size                 = 2

[0] = 1
[1] = 3
[2] = 0 (POISON) 
[3] = 0 (POISON) 
[4] = 0 (POISON) 
[5] = 0 (POISON) 
[6] = 0 (POISON) 
[7] = 0 (POISON) 


---------------------------------------------------------------------

Local time and date: Thu Oct 10 16:52:47 2024

ERRORS: INVALID STRUCT CANARY INVALID DATA CANARY INVALID HASH DAMAGED STACK ERR INVALID FILE POINTER REQUESTED TOO MUCH REQUESTED TOO LITTLE INVALID SIZE STACK OVERFLOW STACK UNDERFLOW 
Stack_t[0x5b3480c95840] stack at src/stack.cpp:885 in function StackReturnCode StackIsDamaged(StackId_t, int, const char*, const char*)
Born at src/proc.cpp:11 in function void Run()

Stack ID             = 1

LEFT  STRUCT CANARY  = 58188442558455514
RIGHT STRUCT CANARY  = 58188442558455514

LEFT  DATA   CANARY  = 58188442558455514
RIGHT DATA   CANARY  = 58188442558455514

STRUCT HASH          = 6882334203846173323
DATA   HASH          = 8200815145810155

capacity             = 8
size                 = 2

[0] = 1
[1] = 3
[2] = 0 (POISON) 
[3] = 0 (POISON) 
[4] = 0 (POISON) 
[5] = 0 (POISON) 
[6] = 0 (POISON) 
[7] = 0 (POISON) 


---------------------------------------------------------------------

Local time and date: Thu Oct 10 16:52:47 2024

ERRORS: INVALID STRUCT CANARY INVALID DATA CANARY INVALID HASH DAMAGED STACK ERR INVALID FILE POINTER REQUESTED TOO MUCH REQUESTED TOO LITTLE INVALID SIZE STACK OVERFLOW STACK UNDERFLOW 
Stack_t[0x5b3480c95840] stack at src/stack.cpp:243 in function StackReturnCode StackPush(StackId_t, StackElem_t)
Born at src/proc.cpp:11 in function void Run()

Stack ID             = 1

LEFT  STRUCT CANARY  = 58188442558455514
RIGHT STRUCT CANARY  = 58188442558455514

LEFT  DATA   CANARY  = 58188442558455514
RIGHT DATA   CANARY  = 58188442558455514

STRUCT HASH          = 6882334203846173323
DATA   HASH          = 8200815145810155

capacity             = 8
size                 = 2

[0] = 1
[1] = 3
[2] = 0 (POISON) 
[3] = 0 (POISON) 
[4] = 0 (POISON) 
[5] = 0 (POISON) 
[6] = 0 (POISON) 
[7] = 0 (POISON) 


---------------------------------------------------------------------

Local time and date: Thu Oct 10 16:52:47 2024

ERRORS: INVALID STRUCT CANARY INVALID DATA CANARY INVALID HASH DAMAGED STACK ERR INVALID FILE POINTER REQUESTED TOO MUCH REQUESTED TOO LITTLE INVALID SIZE STACK OVERFLOW STACK UNDERFLOW 
Stack_t[0x5b3480c95840] stack at src/stack.cpp:696 in function StackReturnCode CountDataHash(StackId_t)
Born at src/proc.cpp:11 in function void Run()

Stack ID             = 1

LEFT  STRUCT CANARY  = 58188442558455514
RIGHT STRUCT CANARY  = 58188442558455514

LEFT  DATA   CANARY  = 58188442558455514
RIGHT DATA   CANARY  = 58188442558455514

STRUCT HASH          = 6882334203846173323
DATA   HASH          = 8200815145810155

capacity             = 8
size                 = 2

[0] = 1
[1] = 3
[2] = 0 (POISON) 
[3] = 0 (POISON) 
[4] = 0 (POISON) 
[5] = 0 (POISON) 
[6] = 0 (POISON) 
[7] = 0 (POISON) 


---------------------------------------------------------------------

Local time and date: Thu Oct 10 16:52:47 2024

ERRORS: INVALID STRUCT CANARY INVALID DATA CANARY INVALID HASH DAMAGED STACK ERR INVALID FILE POINTER REQUESTED TOO MUCH REQUESTED TOO LITTLE INVALID SIZE STACK OVERFLOW STACK UNDERFLOW 
Stack_t[0x5b3480c95840] stack at src/stack.cpp:718 in function StackReturnCode CountStructHash(StackId_t)
Born at src/proc.cpp:11 in function void Run()

Stack ID             = 1

LEFT  STRUCT CANARY  = 58188442558455514
RIGHT STRUCT CANARY  = 58188442558455514

LEFT  DATA   CANARY  = 58188442558455514
RIGHT DATA   CANARY  = 58188442558455514

STRUCT HASH          = 6882334203846173323
DATA   HASH          = 8200815145810155

capacity             = 8
size                 = 2

[0] = 1
[1] = 3
[2] = 0 (POISON) 
[3] = 0 (POISON) 
[4] = 0 (POISON) 
[5] = 0 (POISON) 
[6] = 0 (POISON) 
[7] = 0 (POISON) 


---------------------------------------------------------------------

Local time and date: Thu Oct 10 16:52:48 2024

ERRORS: INVALID STRUCT CANARY INVALID DATA CANARY INVALID HASH DAMAGED STACK ERR INVALID FILE POINTER REQUESTED TOO MUCH REQUESTED TOO LITTLE INVALID SIZE STACK OVERFLOW STACK UNDERFLOW 
Stack_t[0x5b3480c95840] stack at src/stack.cpp:252 in function StackElem_t StackPop(StackId_t)
Born at src/proc.cpp:11 in function void Run()

Stack ID             = 1

LEFT  STRUCT CANARY  = 58188442558455514
RIGHT STRUCT CANARY  = 58188442558455514

LEFT  DATA   CANARY  = 58188442558455514
RIGHT DATA   CANARY  = 58188442558455514

STRUCT HASH          = 6882334203846173323
DATA   HASH          = 8200815145810155

capacity             = 8
size                 = 2

[0] = 1
[1] = 3
[2] = 0 (POISON) 
[3] = 0 (POISON) 
[4] = 0 (POISON) 
[5] = 0 (POISON) 
[6] = 0 (POISON) 
[7] = 0 (POISON) 


---------------------------------------------------------------------

Local time and date: Thu Oct 10 16:52:48 2024

ERRORS: INVALID STRUCT CANARY INVALID DATA CANARY INVALID HASH DAMAGED STACK ERR INVALID FILE POINTER REQUESTED TOO MUCH REQUESTED TOO LITTLE INVALID SIZE STACK OVERFLOW STACK UNDERFLOW 
Stack_t[0x5b3480c95840] stack at src/stack.cpp:885 in function StackReturnCode StackIsDamaged(StackId_t, int, const char*, const char*)
Born at src/proc.cpp:11 in function void Run()

Stack ID             = 1

LEFT  STRUCT CANARY  = 58188442558455514
RIGHT STRUCT CANARY  = 58188442558455514

LEFT  DATA   CANARY  = 58188442558455514
RIGHT DATA   CANARY  = 58188442558455514

STRUCT HASH          = 6882334203846173323
DATA   HASH          = 8200815145810155

capacity             = 8
size                 = 2

[0] = 1
[1] = 3
[2] = 0 (POISON) 
[3] = 0 (POISON) 
[4] = 0 (POISON) 
[5] = 0 (POISON) 
[6] = 0 (POISON) 
[7] = 0 (POISON) 


---------------------------------------------------------------------

Local time and date: Thu Oct 10 16:52:48 2024

ERRORS: INVALID STRUCT CANARY INVALID DATA CANARY INVALID HASH DAMAGED STACK ERR INVALID FILE POINTER REQUESTED TOO MUCH REQUESTED TOO LITTLE INVALID SIZE STACK OVERFLOW STACK UNDERFLOW 
Stack_t[0x5b3480c95840] stack at src/stack.cpp:258 in function StackElem_t StackPop(StackId_t)
Born at src/proc.cpp:11 in function void Run()

Stack ID             = 1

LEFT  STRUCT CANARY  = 58188442558455514
RIGHT STRUCT CANARY  = 58188442558455514

LEFT  DATA   CANARY  = 58188442558455514
RIGHT DATA   CANARY  = 58188442558455514

STRUCT HASH          = 6882334203846173323
DATA   HASH          = 8200815145810155

capacity             = 8
size                 = 2

[0] = 1
[1] = 3
[2] = 0 (POISON) 
[3] = 0 (POISON) 
[4] = 0 (POISON) 
[5] = 0 (POISON) 
[6] = 0 (POISON) 
[7] = 0 (POISON) 


---------------------------------------------------------------------

Local time and date: Thu Oct 10 16:52:48 2024

ERRORS: INVALID STRUCT CANARY INVALID DATA CANARY INVALID HASH DAMAGED STACK ERR INVALID FILE POINTER REQUESTED TOO MUCH REQUESTED TOO LITTLE INVALID SIZE STACK OVERFLOW STACK UNDERFLOW 
Stack_t[0x5b3480c95840] stack at src/stack.cpp:696 in function StackReturnCode CountDataHash(StackId_t)
Born at src/proc.cpp:11 in function void Run()

Stack ID             = 1

LEFT  STRUCT CANARY  = 58188442558455514
RIGHT STRUCT CANARY  = 58188442558455514

LEFT  DATA   CANARY  = 58188442558455514
RIGHT DATA   CANARY  = 58188442558455514

STRUCT HASH          = 6882334203846173323
DATA   HASH          = 8200815145810155

capacity             = 8
size                 = 2

[0] = 1
[1] = 3
[2] = 0 (POISON) 
[3] = 0 (POISON) 
[4] = 0 (POISON) 
[5] = 0 (POISON) 
[6] = 0 (POISON) 
[7] = 0 (POISON) 


---------------------------------------------------------------------

Local time and date: Thu Oct 10 16:52:48 2024

ERRORS: INVALID STRUCT CANARY INVALID DATA CANARY INVALID HASH DAMAGED STACK ERR INVALID FILE POINTER REQUESTED TOO MUCH REQUESTED TOO LITTLE INVALID SIZE STACK OVERFLOW STACK UNDERFLOW 
Stack_t[0x5b3480c95840] stack at src/stack.cpp:718 in function StackReturnCode CountStructHash(StackId_t)
Born at src/proc.cpp:11 in function void Run()

Stack ID             = 1

LEFT  STRUCT CANARY  = 58188442558455514
RIGHT STRUCT CANARY  = 58188442558455514

LEFT  DATA   CANARY  = 58188442558455514
RIGHT DATA   CANARY  = 58188442558455514

STRUCT HASH          = 6882334203846173323
DATA   HASH          = 8200815145810155

capacity             = 8
size                 = 2

[0] = 1
[1] = 3
[2] = 0 (POISON) 
[3] = 0 (POISON) 
[4] = 0 (POISON) 
[5] = 0 (POISON) 
[6] = 0 (POISON) 
[7] = 0 (POISON) 


---------------------------------------------------------------------

Local time and date: Thu Oct 10 16:52:48 2024

ERRORS: INVALID STRUCT CANARY INVALID DATA CANARY INVALID HASH DAMAGED STACK ERR INVALID FILE POINTER REQUESTED TOO MUCH REQUESTED TOO LITTLE INVALID SIZE STACK OVERFLOW STACK UNDERFLOW 
Stack_t[0x5b3480c95840] stack at src/stack.cpp:718 in function StackReturnCode CountStructHash(StackId_t)
Born at src/proc.cpp:11 in function void Run()

Stack ID             = 1

LEFT  STRUCT CANARY  = 58188442558455514
RIGHT STRUCT CANARY  = 58188442558455514

LEFT  DATA   CANARY  = 58188442558455514
RIGHT DATA   CANARY  = 58188442558455514

STRUCT HASH          = 6882334203846173323
DATA   HASH          = 8200815145810155

capacity             = 8
size                 = 1

[0] = 1
[1] = 3 (POISON) 
[2] = 0 (POISON) 
[3] = 0 (POISON) 
[4] = 0 (POISON) 
[5] = 0 (POISON) 
[6] = 0 (POISON) 
[7] = 0 (POISON) 


---------------------------------------------------------------------

Local time and date: Thu Oct 10 16:52:48 2024

ERRORS: INVALID STRUCT CANARY INVALID DATA CANARY INVALID HASH DAMAGED STACK ERR INVALID FILE POINTER REQUESTED TOO MUCH REQUESTED TOO LITTLE INVALID SIZE STACK OVERFLOW STACK UNDERFLOW 
Stack_t[0x5b3480c95840] stack at src/stack.cpp:289 in function StackElem_t StackPop(StackId_t)
Born at src/proc.cpp:11 in function void Run()

Stack ID             = 1

LEFT  STRUCT CANARY  = 58188442558455514
RIGHT STRUCT CANARY  = 58188442558455514

LEFT  DATA   CANARY  = 58188442558455514
RIGHT DATA   CANARY  = 58188442558455514

STRUCT HASH          = 5610530453440965546
DATA   HASH          = 8200815145810155

capacity             = 8
size                 = 1

[0] = 1
[1] = 0 (POISON) 
[2] = 0 (POISON) 
[3] = 0 (POISON) 
[4] = 0 (POISON) 
[5] = 0 (POISON) 
[6] = 0 (POISON) 
[7] = 0 (POISON) 


---------------------------------------------------------------------

Local time and date: Thu Oct 10 16:52:48 2024

ERRORS: INVALID STRUCT CANARY INVALID DATA CANARY INVALID HASH DAMAGED STACK ERR INVALID FILE POINTER REQUESTED TOO MUCH REQUESTED TOO LITTLE INVALID SIZE STACK OVERFLOW STACK UNDERFLOW 
Stack_t[0x5b3480c95840] stack at src/stack.cpp:696 in function StackReturnCode CountDataHash(StackId_t)
Born at src/proc.cpp:11 in function void Run()

Stack ID             = 1

LEFT  STRUCT CANARY  = 58188442558455514
RIGHT STRUCT CANARY  = 58188442558455514

LEFT  DATA   CANARY  = 58188442558455514
RIGHT DATA   CANARY  = 58188442558455514

STRUCT HASH          = 5610530453440965546
DATA   HASH          = 8200815145810155

capacity             = 8
size                 = 1

[0] = 1
[1] = 0 (POISON) 
[2] = 0 (POISON) 
[3] = 0 (POISON) 
[4] = 0 (POISON) 
[5] = 0 (POISON) 
[6] = 0 (POISON) 
[7] = 0 (POISON) 


---------------------------------------------------------------------

Local time and date: Thu Oct 10 16:52:48 2024

ERRORS: INVALID STRUCT CANARY INVALID DATA CANARY INVALID HASH DAMAGED STACK ERR INVALID FILE POINTER REQUESTED TOO MUCH REQUESTED TOO LITTLE INVALID SIZE STACK OVERFLOW STACK UNDERFLOW 
Stack_t[0x5b3480c95840] stack at src/stack.cpp:718 in function StackReturnCode CountStructHash(StackId_t)
Born at src/proc.cpp:11 in function void Run()

Stack ID             = 1

LEFT  STRUCT CANARY  = 58188442558455514
RIGHT STRUCT CANARY  = 58188442558455514

LEFT  DATA   CANARY  = 58188442558455514
RIGHT DATA   CANARY  = 58188442558455514

STRUCT HASH          = 5610530453440965546
DATA   HASH          = 8200811271406248

capacity             = 8
size                 = 1

[0] = 1
[1] = 0 (POISON) 
[2] = 0 (POISON) 
[3] = 0 (POISON) 
[4] = 0 (POISON) 
[5] = 0 (POISON) 
[6] = 0 (POISON) 
[7] = 0 (POISON) 


---------------------------------------------------------------------

Local time and date: Thu Oct 10 16:52:48 2024

ERRORS: INVALID STRUCT CANARY INVALID DATA CANARY INVALID HASH DAMAGED STACK ERR INVALID FILE POINTER REQUESTED TOO MUCH REQUESTED TOO LITTLE INVALID SIZE STACK OVERFLOW STACK UNDERFLOW 
Stack_t[0x5b3480c95840] stack at src/stack.cpp:295 in function StackElem_t StackPop(StackId_t)
Born at src/proc.cpp:11 in function void Run()

Stack ID             = 1

LEFT  STRUCT CANARY  = 58188442558455514
RIGHT STRUCT CANARY  = 58188442558455514

LEFT  DATA   CANARY  = 58188442558455514
RIGHT DATA   CANARY  = 58188442558455514

STRUCT HASH          = 1498533035561471610
DATA   HASH          = 8200811271406248

capacity             = 8
size                 = 1

[0] = 1
[1] = 0 (POISON) 
[2] = 0 (POISON) 
[3] = 0 (POISON) 
[4] = 0 (POISON) 
[5] = 0 (POISON) 
[6] = 0 (POISON) 
[7] = 0 (POISON) 


---------------------------------------------------------------------

Local time and date: Thu Oct 10 16:52:48 2024

ERRORS: INVALID STRUCT CANARY INVALID DATA CANARY INVALID HASH DAMAGED STACK ERR INVALID FILE POINTER REQUESTED TOO MUCH REQUESTED TOO LITTLE INVALID SIZE STACK OVERFLOW STACK UNDERFLOW 
Stack_t[0x5b3480c95840] stack at src/stack.cpp:885 in function StackReturnCode StackIsDamaged(StackId_t, int, const char*, const char*)
Born at src/proc.cpp:11 in function void Run()

Stack ID             = 1

LEFT  STRUCT CANARY  = 58188442558455514
RIGHT STRUCT CANARY  = 58188442558455514

LEFT  DATA   CANARY  = 58188442558455514
RIGHT DATA   CANARY  = 58188442558455514

STRUCT HASH          = 1498533035561471610
DATA   HASH          = 8200811271406248

capacity             = 8
size                 = 1

[0] = 1
[1] = 0 (POISON) 
[2] = 0 (POISON) 
[3] = 0 (POISON) 
[4] = 0 (POISON) 
[5] = 0 (POISON) 
[6] = 0 (POISON) 
[7] = 0 (POISON) 


---------------------------------------------------------------------

Local time and date: Thu Oct 10 16:52:48 2024

ERRORS: INVALID STRUCT CANARY INVALID DATA CANARY INVALID HASH DAMAGED STACK ERR INVALID FILE POINTER REQUESTED TOO MUCH REQUESTED TOO LITTLE INVALID SIZE STACK OVERFLOW STACK UNDERFLOW 
Stack_t[0x5b3480c95840] stack at src/stack.cpp:297 in function StackElem_t StackPop(StackId_t)
Born at src/proc.cpp:11 in function void Run()

Stack ID             = 1

LEFT  STRUCT CANARY  = 58188442558455514
RIGHT STRUCT CANARY  = 58188442558455514

LEFT  DATA   CANARY  = 58188442558455514
RIGHT DATA   CANARY  = 58188442558455514

STRUCT HASH          = 1498533035561471610
DATA   HASH          = 8200811271406248

capacity             = 8
size                 = 1

[0] = 1
[1] = 0 (POISON) 
[2] = 0 (POISON) 
[3] = 0 (POISON) 
[4] = 0 (POISON) 
[5] = 0 (POISON) 
[6] = 0 (POISON) 
[7] = 0 (POISON) 


---------------------------------------------------------------------

Local time and date: Thu Oct 10 16:52:48 2024

ERRORS: INVALID STRUCT CANARY INVALID DATA CANARY INVALID HASH DAMAGED STACK ERR INVALID FILE POINTER REQUESTED TOO MUCH REQUESTED TOO LITTLE INVALID SIZE STACK OVERFLOW STACK UNDERFLOW 
Stack_t[0x5b3480c95840] stack at src/stack.cpp:696 in function StackReturnCode CountDataHash(StackId_t)
Born at src/proc.cpp:11 in function void Run()

Stack ID             = 1

LEFT  STRUCT CANARY  = 58188442558455514
RIGHT STRUCT CANARY  = 58188442558455514

LEFT  DATA   CANARY  = 58188442558455514
RIGHT DATA   CANARY  = 58188442558455514

STRUCT HASH          = 1498533035561471610
DATA   HASH          = 8200811271406248

capacity             = 8
size                 = 1

[0] = 1
[1] = 0 (POISON) 
[2] = 0 (POISON) 
[3] = 0 (POISON) 
[4] = 0 (POISON) 
[5] = 0 (POISON) 
[6] = 0 (POISON) 
[7] = 0 (POISON) 


---------------------------------------------------------------------

Local time and date: Thu Oct 10 16:52:48 2024

ERRORS: INVALID STRUCT CANARY INVALID DATA CANARY INVALID HASH DAMAGED STACK ERR INVALID FILE POINTER REQUESTED TOO MUCH REQUESTED TOO LITTLE INVALID SIZE STACK OVERFLOW STACK UNDERFLOW 
Stack_t[0x5b3480c95840] stack at src/stack.cpp:718 in function StackReturnCode CountStructHash(StackId_t)
Born at src/proc.cpp:11 in function void Run()

Stack ID             = 1

LEFT  STRUCT CANARY  = 58188442558455514
RIGHT STRUCT CANARY  = 58188442558455514

LEFT  DATA   CANARY  = 58188442558455514
RIGHT DATA   CANARY  = 58188442558455514

STRUCT HASH          = 1498533035561471610
DATA   HASH          = 8200811271406248

capacity             = 8
size                 = 1

[0] = 1
[1] = 0 (POISON) 
[2] = 0 (POISON) 
[3] = 0 (POISON) 
[4] = 0 (POISON) 
[5] = 0 (POISON) 
[6] = 0 (POISON) 
[7] = 0 (POISON) 


---------------------------------------------------------------------

Local time and date: Thu Oct 10 16:52:48 2024

ERRORS: INVALID STRUCT CANARY INVALID DATA CANARY INVALID HASH DAMAGED STACK ERR INVALID FILE POINTER REQUESTED TOO MUCH REQUESTED TOO LITTLE INVALID SIZE STACK OVERFLOW STACK UNDERFLOW 
Stack_t[0x5b3480c95840] stack at src/stack.cpp:252 in function StackElem_t StackPop(StackId_t)
Born at src/proc.cpp:11 in function void Run()

Stack ID             = 1

LEFT  STRUCT CANARY  = 58188442558455514
RIGHT STRUCT CANARY  = 58188442558455514

LEFT  DATA   CANARY  = 58188442558455514
RIGHT DATA   CANARY  = 58188442558455514

STRUCT HASH          = 1498533035561471610
DATA   HASH          = 8200811271406248

capacity             = 8
size                 = 1

[0] = 1
[1] = 0 (POISON) 
[2] = 0 (POISON) 
[3] = 0 (POISON) 
[4] = 0 (POISON) 
[5] = 0 (POISON) 
[6] = 0 (POISON) 
[7] = 0 (POISON) 


---------------------------------------------------------------------

Local time and date: Thu Oct 10 16:52:48 2024

ERRORS: INVALID STRUCT CANARY INVALID DATA CANARY INVALID HASH DAMAGED STACK ERR INVALID FILE POINTER REQUESTED TOO MUCH REQUESTED TOO LITTLE INVALID SIZE STACK OVERFLOW STACK UNDERFLOW 
Stack_t[0x5b3480c95840] stack at src/stack.cpp:885 in function StackReturnCode StackIsDamaged(StackId_t, int, const char*, const char*)
Born at src/proc.cpp:11 in function void Run()

Stack ID             = 1

LEFT  STRUCT CANARY  = 58188442558455514
RIGHT STRUCT CANARY  = 58188442558455514

LEFT  DATA   CANARY  = 58188442558455514
RIGHT DATA   CANARY  = 58188442558455514

STRUCT HASH          = 1498533035561471610
DATA   HASH          = 8200811271406248

capacity             = 8
size                 = 1

[0] = 1
[1] = 0 (POISON) 
[2] = 0 (POISON) 
[3] = 0 (POISON) 
[4] = 0 (POISON) 
[5] = 0 (POISON) 
[6] = 0 (POISON) 
[7] = 0 (POISON) 


---------------------------------------------------------------------

Local time and date: Thu Oct 10 16:52:48 2024

ERRORS: INVALID STRUCT CANARY INVALID DATA CANARY INVALID HASH DAMAGED STACK ERR INVALID FILE POINTER REQUESTED TOO MUCH REQUESTED TOO LITTLE INVALID SIZE STACK OVERFLOW STACK UNDERFLOW 
Stack_t[0x5b3480c95840] stack at src/stack.cpp:258 in function StackElem_t StackPop(StackId_t)
Born at src/proc.cpp:11 in function void Run()

Stack ID             = 1

LEFT  STRUCT CANARY  = 58188442558455514
RIGHT STRUCT CANARY  = 58188442558455514

LEFT  DATA   CANARY  = 58188442558455514
RIGHT DATA   CANARY  = 58188442558455514

STRUCT HASH          = 1498533035561471610
DATA   HASH          = 8200811271406248

capacity             = 8
size                 = 1

[0] = 1
[1] = 0 (POISON) 
[2] = 0 (POISON) 
[3] = 0 (POISON) 
[4] = 0 (POISON) 
[5] = 0 (POISON) 
[6] = 0 (POISON) 
[7] = 0 (POISON) 


---------------------------------------------------------------------

Local time and date: Thu Oct 10 16:52:48 2024

ERRORS: INVALID STRUCT CANARY INVALID DATA CANARY INVALID HASH DAMAGED STACK ERR INVALID FILE POINTER REQUESTED TOO MUCH REQUESTED TOO LITTLE INVALID SIZE STACK OVERFLOW STACK UNDERFLOW 
Stack_t[0x5b3480c95840] stack at src/stack.cpp:696 in function StackReturnCode CountDataHash(StackId_t)
Born at src/proc.cpp:11 in function void Run()

Stack ID             = 1

LEFT  STRUCT CANARY  = 58188442558455514
RIGHT STRUCT CANARY  = 58188442558455514

LEFT  DATA   CANARY  = 58188442558455514
RIGHT DATA   CANARY  = 58188442558455514

STRUCT HASH          = 1498533035561471610
DATA   HASH          = 8200811271406248

capacity             = 8
size                 = 1

[0] = 1
[1] = 0 (POISON) 
[2] = 0 (POISON) 
[3] = 0 (POISON) 
[4] = 0 (POISON) 
[5] = 0 (POISON) 
[6] = 0 (POISON) 
[7] = 0 (POISON) 


---------------------------------------------------------------------

Local time and date: Thu Oct 10 16:52:48 2024

ERRORS: INVALID STRUCT CANARY INVALID DATA CANARY INVALID HASH DAMAGED STACK ERR INVALID FILE POINTER REQUESTED TOO MUCH REQUESTED TOO LITTLE INVALID SIZE STACK OVERFLOW STACK UNDERFLOW 
Stack_t[0x5b3480c95840] stack at src/stack.cpp:718 in function StackReturnCode CountStructHash(StackId_t)
Born at src/proc.cpp:11 in function void Run()

Stack ID             = 1

LEFT  STRUCT CANARY  = 58188442558455514
RIGHT STRUCT CANARY  = 58188442558455514

LEFT  DATA   CANARY  = 58188442558455514
RIGHT DATA   CANARY  = 58188442558455514

STRUCT HASH          = 1498533035561471610
DATA   HASH          = 8200811271406248

capacity             = 8
size                 = 1

[0] = 1
[1] = 0 (POISON) 
[2] = 0 (POISON) 
[3] = 0 (POISON) 
[4] = 0 (POISON) 
[5] = 0 (POISON) 
[6] = 0 (POISON) 
[7] = 0 (POISON) 


---------------------------------------------------------------------

Local time and date: Thu Oct 10 16:52:48 2024

ERRORS: INVALID STRUCT CANARY INVALID DATA CANARY INVALID HASH DAMAGED STACK ERR INVALID FILE POINTER REQUESTED TOO MUCH REQUESTED TOO LITTLE INVALID SIZE STACK OVERFLOW STACK UNDERFLOW 
Stack_t[0x5b3480c95840] stack at src/stack.cpp:718 in function StackReturnCode CountStructHash(StackId_t)
Born at src/proc.cpp:11 in function void Run()

Stack ID             = 1

LEFT  STRUCT CANARY  = 58188442558455514
RIGHT STRUCT CANARY  = 58188442558455514

LEFT  DATA   CANARY  = 58188442558455514
RIGHT DATA   CANARY  = 58188442558455514

STRUCT HASH          = 1498533035561471610
DATA   HASH          = 8200811271406248

capacity             = 8
size                 = 0

[0] = 1 (POISON) 
[1] = 0 (POISON) 
[2] = 0 (POISON) 
[3] = 0 (POISON) 
[4] = 0 (POISON) 
[5] = 0 (POISON) 
[6] = 0 (POISON) 
[7] = 0 (POISON) 


---------------------------------------------------------------------

Local time and date: Thu Oct 10 16:52:48 2024

ERRORS: INVALID STRUCT CANARY INVALID DATA CANARY INVALID HASH DAMAGED STACK ERR INVALID FILE POINTER REQUESTED TOO MUCH REQUESTED TOO LITTLE INVALID SIZE STACK OVERFLOW STACK UNDERFLOW 
Stack_t[0x5b3480c95840] stack at src/stack.cpp:289 in function StackElem_t StackPop(StackId_t)
Born at src/proc.cpp:11 in function void Run()

Stack ID             = 1

LEFT  STRUCT CANARY  = 58188442558455514
RIGHT STRUCT CANARY  = 58188442558455514

LEFT  DATA   CANARY  = 58188442558455514
RIGHT DATA   CANARY  = 58188442558455514

STRUCT HASH          = 226729285156263833
DATA   HASH          = 8200811271406248

capacity             = 8
size                 = 0

[0] = 0 (POISON) 
[1] = 0 (POISON) 
[2] = 0 (POISON) 
[3] = 0 (POISON) 
[4] = 0 (POISON) 
[5] = 0 (POISON) 
[6] = 0 (POISON) 
[7] = 0 (POISON) 


---------------------------------------------------------------------

Local time and date: Thu Oct 10 16:52:48 2024

ERRORS: INVALID STRUCT CANARY INVALID DATA CANARY INVALID HASH DAMAGED STACK ERR INVALID FILE POINTER REQUESTED TOO MUCH REQUESTED TOO LITTLE INVALID SIZE STACK OVERFLOW STACK UNDERFLOW 
Stack_t[0x5b3480c95840] stack at src/stack.cpp:696 in function StackReturnCode CountDataHash(StackId_t)
Born at src/proc.cpp:11 in function void Run()

Stack ID             = 1

LEFT  STRUCT CANARY  = 58188442558455514
RIGHT STRUCT CANARY  = 58188442558455514

LEFT  DATA   CANARY  = 58188442558455514
RIGHT DATA   CANARY  = 58188442558455514

STRUCT HASH          = 226729285156263833
DATA   HASH          = 8200811271406248

capacity             = 8
size                 = 0

[0] = 0 (POISON) 
[1] = 0 (POISON) 
[2] = 0 (POISON) 
[3] = 0 (POISON) 
[4] = 0 (POISON) 
[5] = 0 (POISON) 
[6] = 0 (POISON) 
[7] = 0 (POISON) 


---------------------------------------------------------------------

Local time and date: Thu Oct 10 16:52:48 2024

ERRORS: INVALID STRUCT CANARY INVALID DATA CANARY INVALID HASH DAMAGED STACK ERR INVALID FILE POINTER REQUESTED TOO MUCH REQUESTED TOO LITTLE INVALID SIZE STACK OVERFLOW STACK UNDERFLOW 
Stack_t[0x5b3480c95840] stack at src/stack.cpp:718 in function StackReturnCode CountStructHash(StackId_t)
Born at src/proc.cpp:11 in function void Run()

Stack ID             = 1

LEFT  STRUCT CANARY  = 58188442558455514
RIGHT STRUCT CANARY  = 58188442558455514

LEFT  DATA   CANARY  = 58188442558455514
RIGHT DATA   CANARY  = 58188442558455514

STRUCT HASH          = 226729285156263833
DATA   HASH          = 8200768652963271

capacity             = 8
size                 = 0

[0] = 0 (POISON) 
[1] = 0 (POISON) 
[2] = 0 (POISON) 
[3] = 0 (POISON) 
[4] = 0 (POISON) 
[5] = 0 (POISON) 
[6] = 0 (POISON) 
[7] = 0 (POISON) 


---------------------------------------------------------------------

Local time and date: Thu Oct 10 16:52:48 2024

ERRORS: INVALID STRUCT CANARY INVALID DATA CANARY INVALID HASH DAMAGED STACK ERR INVALID FILE POINTER REQUESTED TOO MUCH REQUESTED TOO LITTLE INVALID SIZE STACK OVERFLOW STACK UNDERFLOW 
Stack_t[0x5b3480c95840] stack at src/stack.cpp:295 in function StackElem_t StackPop(StackId_t)
Born at src/proc.cpp:11 in function void Run()

Stack ID             = 1

LEFT  STRUCT CANARY  = 58188442558455514
RIGHT STRUCT CANARY  = 58188442558455514

LEFT  DATA   CANARY  = 58188442558455514
RIGHT DATA   CANARY  = 58188442558455514

STRUCT HASH          = 7111968542028134667
DATA   HASH          = 8200768652963271

capacity             = 8
size                 = 0

[0] = 0 (POISON) 
[1] = 0 (POISON) 
[2] = 0 (POISON) 
[3] = 0 (POISON) 
[4] = 0 (POISON) 
[5] = 0 (POISON) 
[6] = 0 (POISON) 
[7] = 0 (POISON) 


---------------------------------------------------------------------

Local time and date: Thu Oct 10 16:52:48 2024

ERRORS: INVALID STRUCT CANARY INVALID DATA CANARY INVALID HASH DAMAGED STACK ERR INVALID FILE POINTER REQUESTED TOO MUCH REQUESTED TOO LITTLE INVALID SIZE STACK OVERFLOW STACK UNDERFLOW 
Stack_t[0x5b3480c95840] stack at src/stack.cpp:885 in function StackReturnCode StackIsDamaged(StackId_t, int, const char*, const char*)
Born at src/proc.cpp:11 in function void Run()

Stack ID             = 1

LEFT  STRUCT CANARY  = 58188442558455514
RIGHT STRUCT CANARY  = 58188442558455514

LEFT  DATA   CANARY  = 58188442558455514
RIGHT DATA   CANARY  = 58188442558455514

STRUCT HASH          = 7111968542028134667
DATA   HASH          = 8200768652963271

capacity             = 8
size                 = 0

[0] = 0 (POISON) 
[1] = 0 (POISON) 
[2] = 0 (POISON) 
[3] = 0 (POISON) 
[4] = 0 (POISON) 
[5] = 0 (POISON) 
[6] = 0 (POISON) 
[7] = 0 (POISON) 


---------------------------------------------------------------------

Local time and date: Thu Oct 10 16:52:48 2024

ERRORS: INVALID STRUCT CANARY INVALID DATA CANARY INVALID HASH DAMAGED STACK ERR INVALID FILE POINTER REQUESTED TOO MUCH REQUESTED TOO LITTLE INVALID SIZE STACK OVERFLOW STACK UNDERFLOW 
Stack_t[0x5b3480c95840] stack at src/stack.cpp:297 in function StackElem_t StackPop(StackId_t)
Born at src/proc.cpp:11 in function void Run()

Stack ID             = 1

LEFT  STRUCT CANARY  = 58188442558455514
RIGHT STRUCT CANARY  = 58188442558455514

LEFT  DATA   CANARY  = 58188442558455514
RIGHT DATA   CANARY  = 58188442558455514

STRUCT HASH          = 7111968542028134667
DATA   HASH          = 8200768652963271

capacity             = 8
size                 = 0

[0] = 0 (POISON) 
[1] = 0 (POISON) 
[2] = 0 (POISON) 
[3] = 0 (POISON) 
[4] = 0 (POISON) 
[5] = 0 (POISON) 
[6] = 0 (POISON) 
[7] = 0 (POISON) 


---------------------------------------------------------------------

Local time and date: Thu Oct 10 16:52:48 2024

ERRORS: INVALID STRUCT CANARY INVALID DATA CANARY INVALID HASH DAMAGED STACK ERR INVALID FILE POINTER REQUESTED TOO MUCH REQUESTED TOO LITTLE INVALID SIZE STACK OVERFLOW STACK UNDERFLOW 
Stack_t[0x5b3480c95840] stack at src/stack.cpp:696 in function StackReturnCode CountDataHash(StackId_t)
Born at src/proc.cpp:11 in function void Run()

Stack ID             = 1

LEFT  STRUCT CANARY  = 58188442558455514
RIGHT STRUCT CANARY  = 58188442558455514

LEFT  DATA   CANARY  = 58188442558455514
RIGHT DATA   CANARY  = 58188442558455514

STRUCT HASH          = 7111968542028134667
DATA   HASH          = 8200768652963271

capacity             = 8
size                 = 0

[0] = 0 (POISON) 
[1] = 0 (POISON) 
[2] = 0 (POISON) 
[3] = 0 (POISON) 
[4] = 0 (POISON) 
[5] = 0 (POISON) 
[6] = 0 (POISON) 
[7] = 0 (POISON) 


---------------------------------------------------------------------

Local time and date: Thu Oct 10 16:52:48 2024

ERRORS: INVALID STRUCT CANARY INVALID DATA CANARY INVALID HASH DAMAGED STACK ERR INVALID FILE POINTER REQUESTED TOO MUCH REQUESTED TOO LITTLE INVALID SIZE STACK OVERFLOW STACK UNDERFLOW 
Stack_t[0x5b3480c95840] stack at src/stack.cpp:718 in function StackReturnCode CountStructHash(StackId_t)
Born at src/proc.cpp:11 in function void Run()

Stack ID             = 1

LEFT  STRUCT CANARY  = 58188442558455514
RIGHT STRUCT CANARY  = 58188442558455514

LEFT  DATA   CANARY  = 58188442558455514
RIGHT DATA   CANARY  = 58188442558455514

STRUCT HASH          = 7111968542028134667
DATA   HASH          = 8200768652963271

capacity             = 8
size                 = 0

[0] = 0 (POISON) 
[1] = 0 (POISON) 
[2] = 0 (POISON) 
[3] = 0 (POISON) 
[4] = 0 (POISON) 
[5] = 0 (POISON) 
[6] = 0 (POISON) 
[7] = 0 (POISON) 


---------------------------------------------------------------------

Local time and date: Thu Oct 10 16:52:48 2024

ERRORS: INVALID STRUCT CANARY INVALID DATA CANARY INVALID HASH DAMAGED STACK ERR INVALID FILE POINTER REQUESTED TOO MUCH REQUESTED TOO LITTLE INVALID SIZE STACK OVERFLOW STACK UNDERFLOW 
Stack_t[0x5b3480c95840] stack at src/stack.cpp:198 in function StackReturnCode StackPush(StackId_t, StackElem_t)
Born at src/proc.cpp:11 in function void Run()

Stack ID             = 1

LEFT  STRUCT CANARY  = 58188442558455514
RIGHT STRUCT CANARY  = 58188442558455514

LEFT  DATA   CANARY  = 58188442558455514
RIGHT DATA   CANARY  = 58188442558455514

STRUCT HASH          = 7111968542028134667
DATA   HASH          = 8200768652963271

capacity             = 8
size                 = 0

[0] = 0 (POISON) 
[1] = 0 (POISON) 
[2] = 0 (POISON) 
[3] = 0 (POISON) 
[4] = 0 (POISON) 
[5] = 0 (POISON) 
[6] = 0 (POISON) 
[7] = 0 (POISON) 


---------------------------------------------------------------------

Local time and date: Thu Oct 10 16:52:48 2024

ERRORS: INVALID STRUCT CANARY INVALID DATA CANARY INVALID HASH DAMAGED STACK ERR INVALID FILE POINTER REQUESTED TOO MUCH REQUESTED TOO LITTLE INVALID SIZE STACK OVERFLOW STACK UNDERFLOW 
Stack_t[0x5b3480c95840] stack at src/stack.cpp:885 in function StackReturnCode StackIsDamaged(StackId_t, int, const char*, const char*)
Born at src/proc.cpp:11 in function void Run()

Stack ID             = 1

LEFT  STRUCT CANARY  = 58188442558455514
RIGHT STRUCT CANARY  = 58188442558455514

LEFT  DATA   CANARY  = 58188442558455514
RIGHT DATA   CANARY  = 58188442558455514

STRUCT HASH          = 7111968542028134667
DATA   HASH          = 8200768652963271

capacity             = 8
size                 = 0

[0] = 0 (POISON) 
[1] = 0 (POISON) 
[2] = 0 (POISON) 
[3] = 0 (POISON) 
[4] = 0 (POISON) 
[5] = 0 (POISON) 
[6] = 0 (POISON) 
[7] = 0 (POISON) 


---------------------------------------------------------------------

Local time and date: Thu Oct 10 16:52:48 2024

ERRORS: INVALID STRUCT CANARY INVALID DATA CANARY INVALID HASH DAMAGED STACK ERR INVALID FILE POINTER REQUESTED TOO MUCH REQUESTED TOO LITTLE INVALID SIZE STACK OVERFLOW STACK UNDERFLOW 
Stack_t[0x5b3480c95840] stack at src/stack.cpp:204 in function StackReturnCode StackPush(StackId_t, StackElem_t)
Born at src/proc.cpp:11 in function void Run()

Stack ID             = 1

LEFT  STRUCT CANARY  = 58188442558455514
RIGHT STRUCT CANARY  = 58188442558455514

LEFT  DATA   CANARY  = 58188442558455514
RIGHT DATA   CANARY  = 58188442558455514

STRUCT HASH          = 7111968542028134667
DATA   HASH          = 8200768652963271

capacity             = 8
size                 = 0

[0] = 0 (POISON) 
[1] = 0 (POISON) 
[2] = 0 (POISON) 
[3] = 0 (POISON) 
[4] = 0 (POISON) 
[5] = 0 (POISON) 
[6] = 0 (POISON) 
[7] = 0 (POISON) 


---------------------------------------------------------------------

Local time and date: Thu Oct 10 16:52:48 2024

ERRORS: INVALID STRUCT CANARY INVALID DATA CANARY INVALID HASH DAMAGED STACK ERR INVALID FILE POINTER REQUESTED TOO MUCH REQUESTED TOO LITTLE INVALID SIZE STACK OVERFLOW STACK UNDERFLOW 
Stack_t[0x5b3480c95840] stack at src/stack.cpp:696 in function StackReturnCode CountDataHash(StackId_t)
Born at src/proc.cpp:11 in function void Run()

Stack ID             = 1

LEFT  STRUCT CANARY  = 58188442558455514
RIGHT STRUCT CANARY  = 58188442558455514

LEFT  DATA   CANARY  = 58188442558455514
RIGHT DATA   CANARY  = 58188442558455514

STRUCT HASH          = 7111968542028134667
DATA   HASH          = 8200768652963271

capacity             = 8
size                 = 0

[0] = 0 (POISON) 
[1] = 0 (POISON) 
[2] = 0 (POISON) 
[3] = 0 (POISON) 
[4] = 0 (POISON) 
[5] = 0 (POISON) 
[6] = 0 (POISON) 
[7] = 0 (POISON) 


---------------------------------------------------------------------

Local time and date: Thu Oct 10 16:52:48 2024

ERRORS: INVALID STRUCT CANARY INVALID DATA CANARY INVALID HASH DAMAGED STACK ERR INVALID FILE POINTER REQUESTED TOO MUCH REQUESTED TOO LITTLE INVALID SIZE STACK OVERFLOW STACK UNDERFLOW 
Stack_t[0x5b3480c95840] stack at src/stack.cpp:718 in function StackReturnCode CountStructHash(StackId_t)
Born at src/proc.cpp:11 in function void Run()

Stack ID             = 1

LEFT  STRUCT CANARY  = 58188442558455514
RIGHT STRUCT CANARY  = 58188442558455514

LEFT  DATA   CANARY  = 58188442558455514
RIGHT DATA   CANARY  = 58188442558455514

STRUCT HASH          = 7111968542028134667
DATA   HASH          = 8200768652963271

capacity             = 8
size                 = 0

[0] = 0 (POISON) 
[1] = 0 (POISON) 
[2] = 0 (POISON) 
[3] = 0 (POISON) 
[4] = 0 (POISON) 
[5] = 0 (POISON) 
[6] = 0 (POISON) 
[7] = 0 (POISON) 


---------------------------------------------------------------------

Local time and date: Thu Oct 10 16:52:48 2024

ERRORS: INVALID STRUCT CANARY INVALID DATA CANARY INVALID HASH DAMAGED STACK ERR INVALID FILE POINTER REQUESTED TOO MUCH REQUESTED TOO LITTLE INVALID SIZE STACK OVERFLOW STACK UNDERFLOW 
Stack_t[0x5b3480c95840] stack at src/stack.cpp:235 in function StackReturnCode StackPush(StackId_t, StackElem_t)
Born at src/proc.cpp:11 in function void Run()

Stack ID             = 1

LEFT  STRUCT CANARY  = 58188442558455514
RIGHT STRUCT CANARY  = 58188442558455514

LEFT  DATA   CANARY  = 58188442558455514
RIGHT DATA   CANARY  = 58188442558455514

STRUCT HASH          = 7111968542028134667
DATA   HASH          = 8200768652963271

capacity             = 8
size                 = 1

[0] = 4
[1] = 0 (POISON) 
[2] = 0 (POISON) 
[3] = 0 (POISON) 
[4] = 0 (POISON) 
[5] = 0 (POISON) 
[6] = 0 (POISON) 
[7] = 0 (POISON) 


---------------------------------------------------------------------

Local time and date: Thu Oct 10 16:52:48 2024

ERRORS: INVALID STRUCT CANARY INVALID DATA CANARY INVALID HASH DAMAGED STACK ERR INVALID FILE POINTER REQUESTED TOO MUCH REQUESTED TOO LITTLE INVALID SIZE STACK OVERFLOW STACK UNDERFLOW 
Stack_t[0x5b3480c95840] stack at src/stack.cpp:696 in function StackReturnCode CountDataHash(StackId_t)
Born at src/proc.cpp:11 in function void Run()

Stack ID             = 1

LEFT  STRUCT CANARY  = 58188442558455514
RIGHT STRUCT CANARY  = 58188442558455514

LEFT  DATA   CANARY  = 58188442558455514
RIGHT DATA   CANARY  = 58188442558455514

STRUCT HASH          = 7111968542028134667
DATA   HASH          = 8200768652963271

capacity             = 8
size                 = 1

[0] = 4
[1] = 0 (POISON) 
[2] = 0 (POISON) 
[3] = 0 (POISON) 
[4] = 0 (POISON) 
[5] = 0 (POISON) 
[6] = 0 (POISON) 
[7] = 0 (POISON) 


---------------------------------------------------------------------

Local time and date: Thu Oct 10 16:52:48 2024

ERRORS: INVALID STRUCT CANARY INVALID DATA CANARY INVALID HASH DAMAGED STACK ERR INVALID FILE POINTER REQUESTED TOO MUCH REQUESTED TOO LITTLE INVALID SIZE STACK OVERFLOW STACK UNDERFLOW 
Stack_t[0x5b3480c95840] stack at src/stack.cpp:718 in function StackReturnCode CountStructHash(StackId_t)
Born at src/proc.cpp:11 in function void Run()

Stack ID             = 1

LEFT  STRUCT CANARY  = 58188442558455514
RIGHT STRUCT CANARY  = 58188442558455514

LEFT  DATA   CANARY  = 58188442558455514
RIGHT DATA   CANARY  = 58188442558455514

STRUCT HASH          = 7111968542028134667
DATA   HASH          = 8200939126735179

capacity             = 8
size                 = 1

[0] = 4
[1] = 0 (POISON) 
[2] = 0 (POISON) 
[3] = 0 (POISON) 
[4] = 0 (POISON) 
[5] = 0 (POISON) 
[6] = 0 (POISON) 
[7] = 0 (POISON) 


---------------------------------------------------------------------

Local time and date: Thu Oct 10 16:52:48 2024

ERRORS: INVALID STRUCT CANARY INVALID DATA CANARY INVALID HASH DAMAGED STACK ERR INVALID FILE POINTER REQUESTED TOO MUCH REQUESTED TOO LITTLE INVALID SIZE STACK OVERFLOW STACK UNDERFLOW 
Stack_t[0x5b3480c95840] stack at src/stack.cpp:241 in function StackReturnCode StackPush(StackId_t, StackElem_t)
Born at src/proc.cpp:11 in function void Run()

Stack ID             = 1

LEFT  STRUCT CANARY  = 58188442558455514
RIGHT STRUCT CANARY  = 58188442558455514

LEFT  DATA   CANARY  = 58188442558455514
RIGHT DATA   CANARY  = 58188442558455514

STRUCT HASH          = 14234064230988249924
DATA   HASH          = 8200939126735179

capacity             = 8
size                 = 1

[0] = 4
[1] = 0 (POISON) 
[2] = 0 (POISON) 
[3] = 0 (POISON) 
[4] = 0 (POISON) 
[5] = 0 (POISON) 
[6] = 0 (POISON) 
[7] = 0 (POISON) 


---------------------------------------------------------------------

Local time and date: Thu Oct 10 16:52:48 2024

ERRORS: INVALID STRUCT CANARY INVALID DATA CANARY INVALID HASH DAMAGED STACK ERR INVALID FILE POINTER REQUESTED TOO MUCH REQUESTED TOO LITTLE INVALID SIZE STACK OVERFLOW STACK UNDERFLOW 
Stack_t[0x5b3480c95840] stack at src/stack.cpp:885 in function StackReturnCode StackIsDamaged(StackId_t, int, const char*, const char*)
Born at src/proc.cpp:11 in function void Run()

Stack ID             = 1

LEFT  STRUCT CANARY  = 58188442558455514
RIGHT STRUCT CANARY  = 58188442558455514

LEFT  DATA   CANARY  = 58188442558455514
RIGHT DATA   CANARY  = 58188442558455514

STRUCT HASH          = 14234064230988249924
DATA   HASH          = 8200939126735179

capacity             = 8
size                 = 1

[0] = 4
[1] = 0 (POISON) 
[2] = 0 (POISON) 
[3] = 0 (POISON) 
[4] = 0 (POISON) 
[5] = 0 (POISON) 
[6] = 0 (POISON) 
[7] = 0 (POISON) 


---------------------------------------------------------------------

Local time and date: Thu Oct 10 16:52:48 2024

ERRORS: INVALID STRUCT CANARY INVALID DATA CANARY INVALID HASH DAMAGED STACK ERR INVALID FILE POINTER REQUESTED TOO MUCH REQUESTED TOO LITTLE INVALID SIZE STACK OVERFLOW STACK UNDERFLOW 
Stack_t[0x5b3480c95840] stack at src/stack.cpp:243 in function StackReturnCode StackPush(StackId_t, StackElem_t)
Born at src/proc.cpp:11 in function void Run()

Stack ID             = 1

LEFT  STRUCT CANARY  = 58188442558455514
RIGHT STRUCT CANARY  = 58188442558455514

LEFT  DATA   CANARY  = 58188442558455514
RIGHT DATA   CANARY  = 58188442558455514

STRUCT HASH          = 14234064230988249924
DATA   HASH          = 8200939126735179

capacity             = 8
size                 = 1

[0] = 4
[1] = 0 (POISON) 
[2] = 0 (POISON) 
[3] = 0 (POISON) 
[4] = 0 (POISON) 
[5] = 0 (POISON) 
[6] = 0 (POISON) 
[7] = 0 (POISON) 


---------------------------------------------------------------------

Local time and date: Thu Oct 10 16:52:48 2024

ERRORS: INVALID STRUCT CANARY INVALID DATA CANARY INVALID HASH DAMAGED STACK ERR INVALID FILE POINTER REQUESTED TOO MUCH REQUESTED TOO LITTLE INVALID SIZE STACK OVERFLOW STACK UNDERFLOW 
Stack_t[0x5b3480c95840] stack at src/stack.cpp:696 in function StackReturnCode CountDataHash(StackId_t)
Born at src/proc.cpp:11 in function void Run()

Stack ID             = 1

LEFT  STRUCT CANARY  = 58188442558455514
RIGHT STRUCT CANARY  = 58188442558455514

LEFT  DATA   CANARY  = 58188442558455514
RIGHT DATA   CANARY  = 58188442558455514

STRUCT HASH          = 14234064230988249924
DATA   HASH          = 8200939126735179

capacity             = 8
size                 = 1

[0] = 4
[1] = 0 (POISON) 
[2] = 0 (POISON) 
[3] = 0 (POISON) 
[4] = 0 (POISON) 
[5] = 0 (POISON) 
[6] = 0 (POISON) 
[7] = 0 (POISON) 


---------------------------------------------------------------------

Local time and date: Thu Oct 10 16:52:48 2024

ERRORS: INVALID STRUCT CANARY INVALID DATA CANARY INVALID HASH DAMAGED STACK ERR INVALID FILE POINTER REQUESTED TOO MUCH REQUESTED TOO LITTLE INVALID SIZE STACK OVERFLOW STACK UNDERFLOW 
Stack_t[0x5b3480c95840] stack at src/stack.cpp:718 in function StackReturnCode CountStructHash(StackId_t)
Born at src/proc.cpp:11 in function void Run()

Stack ID             = 1

LEFT  STRUCT CANARY  = 58188442558455514
RIGHT STRUCT CANARY  = 58188442558455514

LEFT  DATA   CANARY  = 58188442558455514
RIGHT DATA   CANARY  = 58188442558455514

STRUCT HASH          = 14234064230988249924
DATA   HASH          = 8200939126735179

capacity             = 8
size                 = 1

[0] = 4
[1] = 0 (POISON) 
[2] = 0 (POISON) 
[3] = 0 (POISON) 
[4] = 0 (POISON) 
[5] = 0 (POISON) 
[6] = 0 (POISON) 
[7] = 0 (POISON) 


---------------------------------------------------------------------

