Local time and date: Thu Oct 10 16:52:50 2024

ERRORS: INVALID STRUCT CANARY INVALID DATA CANARY INVALID HASH DAMAGED STACK ERR INVALID FILE POINTER REQUESTED TOO MUCH REQUESTED TOO LITTLE INVALID SIZE STACK OVERFLOW STACK UNDERFLOW 
Stack_t[0x5b3480c95840] stack Born at src/proc.cpp:11 in function void Run()

Stack ID             = 1

LEFT  STRUCT CANARY  = 58188442558455514
RIGHT STRUCT CANARY  = 58188442558455514

LEFT  DATA   CANARY  = 58188442558455514
RIGHT DATA   CANARY  = 58188442558455514

STRUCT HASH          = 14234064230988249924
DATA   HASH          = 8200939126735179

capacity             = 8
size                 = 1

[0] = 4
[1] = 0 (POISON) 
[2] = 0 (POISON) 
[3] = 0 (POISON) 
[4] = 0 (POISON) 
[5] = 0 (POISON) 
[6] = 0 (POISON) 
[7] = 0 (POISON) 


---------------------------------------------------------------------

