Local time and date: Sat Oct 19 00:47:45 2024

OK
Stack_t[0x61ca6548ec10] stack at src/stack.cpp:698 in function StackReturnCode CountDataHash(StackId_t)
Born at src/proc.cpp:48 in function void ProcCtor(Proc_t*, int, const char**)

Stack ID             = 1

LEFT  STRUCT CANARY  = 58188442558455514
RIGHT STRUCT CANARY  = 58188442558455514

LEFT  DATA   CANARY  = 58188442558455514
RIGHT DATA   CANARY  = 58188442558455514

STRUCT HASH          = 0
DATA   HASH          = 0

capacity             = 8
size                 = 0

[0] = 0 (POISON) 
[1] = 0 (POISON) 
[2] = 0 (POISON) 
[3] = 0 (POISON) 
[4] = 0 (POISON) 
[5] = 0 (POISON) 
[6] = 0 (POISON) 
[7] = 0 (POISON) 


---------------------------------------------------------------------

Local time and date: Sat Oct 19 00:47:45 2024

OK
Stack_t[0x61ca6548ec10] stack at src/stack.cpp:720 in function StackReturnCode CountStructHash(StackId_t)
Born at src/proc.cpp:48 in function void ProcCtor(Proc_t*, int, const char**)

Stack ID             = 1

LEFT  STRUCT CANARY  = 58188442558455514
RIGHT STRUCT CANARY  = 58188442558455514

LEFT  DATA   CANARY  = 58188442558455514
RIGHT DATA   CANARY  = 58188442558455514

STRUCT HASH          = 0
DATA   HASH          = 8200768652963271

capacity             = 8
size                 = 0

[0] = 0 (POISON) 
[1] = 0 (POISON) 
[2] = 0 (POISON) 
[3] = 0 (POISON) 
[4] = 0 (POISON) 
[5] = 0 (POISON) 
[6] = 0 (POISON) 
[7] = 0 (POISON) 


---------------------------------------------------------------------

Local time and date: Sat Oct 19 00:47:45 2024

OK
Stack_t[0x61ca6548ec10] stack at src/stack.cpp:175 in function StackId_t StackCtor(size_t, int, const char*, const char*)
Born at src/proc.cpp:48 in function void ProcCtor(Proc_t*, int, const char**)

Stack ID             = 1

LEFT  STRUCT CANARY  = 58188442558455514
RIGHT STRUCT CANARY  = 58188442558455514

LEFT  DATA   CANARY  = 58188442558455514
RIGHT DATA   CANARY  = 58188442558455514

STRUCT HASH          = 16027419922033942174
DATA   HASH          = 8200768652963271

capacity             = 8
size                 = 0

[0] = 0 (POISON) 
[1] = 0 (POISON) 
[2] = 0 (POISON) 
[3] = 0 (POISON) 
[4] = 0 (POISON) 
[5] = 0 (POISON) 
[6] = 0 (POISON) 
[7] = 0 (POISON) 


---------------------------------------------------------------------

Local time and date: Sat Oct 19 00:47:45 2024

OK
Stack_t[0x61ca6548ec10] stack at src/stack.cpp:200 in function StackReturnCode StackPush(StackId_t, StackElem_t)
Born at src/proc.cpp:48 in function void ProcCtor(Proc_t*, int, const char**)

Stack ID             = 1

LEFT  STRUCT CANARY  = 58188442558455514
RIGHT STRUCT CANARY  = 58188442558455514

LEFT  DATA   CANARY  = 58188442558455514
RIGHT DATA   CANARY  = 58188442558455514

STRUCT HASH          = 16027419922033942174
DATA   HASH          = 8200768652963271

capacity             = 8
size                 = 0

[0] = 0 (POISON) 
[1] = 0 (POISON) 
[2] = 0 (POISON) 
[3] = 0 (POISON) 
[4] = 0 (POISON) 
[5] = 0 (POISON) 
[6] = 0 (POISON) 
[7] = 0 (POISON) 


---------------------------------------------------------------------

Local time and date: Sat Oct 19 00:47:45 2024

OK
Stack_t[0x61ca6548ec10] stack at src/stack.cpp:887 in function StackReturnCode StackIsDamaged(StackId_t, int, const char*, const char*)
Born at src/proc.cpp:48 in function void ProcCtor(Proc_t*, int, const char**)

Stack ID             = 1

LEFT  STRUCT CANARY  = 58188442558455514
RIGHT STRUCT CANARY  = 58188442558455514

LEFT  DATA   CANARY  = 58188442558455514
RIGHT DATA   CANARY  = 58188442558455514

STRUCT HASH          = 16027419922033942174
DATA   HASH          = 8200768652963271

capacity             = 8
size                 = 0

[0] = 0 (POISON) 
[1] = 0 (POISON) 
[2] = 0 (POISON) 
[3] = 0 (POISON) 
[4] = 0 (POISON) 
[5] = 0 (POISON) 
[6] = 0 (POISON) 
[7] = 0 (POISON) 


---------------------------------------------------------------------

Local time and date: Sat Oct 19 00:47:45 2024

OK
Stack_t[0x61ca6548ec10] stack at src/stack.cpp:206 in function StackReturnCode StackPush(StackId_t, StackElem_t)
Born at src/proc.cpp:48 in function void ProcCtor(Proc_t*, int, const char**)

Stack ID             = 1

LEFT  STRUCT CANARY  = 58188442558455514
RIGHT STRUCT CANARY  = 58188442558455514

LEFT  DATA   CANARY  = 58188442558455514
RIGHT DATA   CANARY  = 58188442558455514

STRUCT HASH          = 16027419922033942174
DATA   HASH          = 8200768652963271

capacity             = 8
size                 = 0

[0] = 0 (POISON) 
[1] = 0 (POISON) 
[2] = 0 (POISON) 
[3] = 0 (POISON) 
[4] = 0 (POISON) 
[5] = 0 (POISON) 
[6] = 0 (POISON) 
[7] = 0 (POISON) 


---------------------------------------------------------------------

Local time and date: Sat Oct 19 00:47:45 2024

OK
Stack_t[0x61ca6548ec10] stack at src/stack.cpp:698 in function StackReturnCode CountDataHash(StackId_t)
Born at src/proc.cpp:48 in function void ProcCtor(Proc_t*, int, const char**)

Stack ID             = 1

LEFT  STRUCT CANARY  = 58188442558455514
RIGHT STRUCT CANARY  = 58188442558455514

LEFT  DATA   CANARY  = 58188442558455514
RIGHT DATA   CANARY  = 58188442558455514

STRUCT HASH          = 16027419922033942174
DATA   HASH          = 8200768652963271

capacity             = 8
size                 = 0

[0] = 0 (POISON) 
[1] = 0 (POISON) 
[2] = 0 (POISON) 
[3] = 0 (POISON) 
[4] = 0 (POISON) 
[5] = 0 (POISON) 
[6] = 0 (POISON) 
[7] = 0 (POISON) 


---------------------------------------------------------------------

Local time and date: Sat Oct 19 00:47:45 2024

OK
Stack_t[0x61ca6548ec10] stack at src/stack.cpp:720 in function StackReturnCode CountStructHash(StackId_t)
Born at src/proc.cpp:48 in function void ProcCtor(Proc_t*, int, const char**)

Stack ID             = 1

LEFT  STRUCT CANARY  = 58188442558455514
RIGHT STRUCT CANARY  = 58188442558455514

LEFT  DATA   CANARY  = 58188442558455514
RIGHT DATA   CANARY  = 58188442558455514

STRUCT HASH          = 16027419922033942174
DATA   HASH          = 8200768652963271

capacity             = 8
size                 = 0

[0] = 0 (POISON) 
[1] = 0 (POISON) 
[2] = 0 (POISON) 
[3] = 0 (POISON) 
[4] = 0 (POISON) 
[5] = 0 (POISON) 
[6] = 0 (POISON) 
[7] = 0 (POISON) 


---------------------------------------------------------------------

Local time and date: Sat Oct 19 00:47:45 2024

OK
Stack_t[0x61ca6548ec10] stack at src/stack.cpp:237 in function StackReturnCode StackPush(StackId_t, StackElem_t)
Born at src/proc.cpp:48 in function void ProcCtor(Proc_t*, int, const char**)

Stack ID             = 1

LEFT  STRUCT CANARY  = 58188442558455514
RIGHT STRUCT CANARY  = 58188442558455514

LEFT  DATA   CANARY  = 58188442558455514
RIGHT DATA   CANARY  = 58188442558455514

STRUCT HASH          = 16027419922033942174
DATA   HASH          = 8200768652963271

capacity             = 8
size                 = 1

[0] = 2
[1] = 0 (POISON) 
[2] = 0 (POISON) 
[3] = 0 (POISON) 
[4] = 0 (POISON) 
[5] = 0 (POISON) 
[6] = 0 (POISON) 
[7] = 0 (POISON) 


---------------------------------------------------------------------

Local time and date: Sat Oct 19 00:47:45 2024

OK
Stack_t[0x61ca6548ec10] stack at src/stack.cpp:698 in function StackReturnCode CountDataHash(StackId_t)
Born at src/proc.cpp:48 in function void ProcCtor(Proc_t*, int, const char**)

Stack ID             = 1

LEFT  STRUCT CANARY  = 58188442558455514
RIGHT STRUCT CANARY  = 58188442558455514

LEFT  DATA   CANARY  = 58188442558455514
RIGHT DATA   CANARY  = 58188442558455514

STRUCT HASH          = 16027419922033942174
DATA   HASH          = 8200768652963271

capacity             = 8
size                 = 1

[0] = 2
[1] = 0 (POISON) 
[2] = 0 (POISON) 
[3] = 0 (POISON) 
[4] = 0 (POISON) 
[5] = 0 (POISON) 
[6] = 0 (POISON) 
[7] = 0 (POISON) 


---------------------------------------------------------------------

Local time and date: Sat Oct 19 00:47:45 2024

OK
Stack_t[0x61ca6548ec10] stack at src/stack.cpp:720 in function StackReturnCode CountStructHash(StackId_t)
Born at src/proc.cpp:48 in function void ProcCtor(Proc_t*, int, const char**)

Stack ID             = 1

LEFT  STRUCT CANARY  = 58188442558455514
RIGHT STRUCT CANARY  = 58188442558455514

LEFT  DATA   CANARY  = 58188442558455514
RIGHT DATA   CANARY  = 58188442558455514

STRUCT HASH          = 16027419922033942174
DATA   HASH          = 8200853889849225

capacity             = 8
size                 = 1

[0] = 2
[1] = 0 (POISON) 
[2] = 0 (POISON) 
[3] = 0 (POISON) 
[4] = 0 (POISON) 
[5] = 0 (POISON) 
[6] = 0 (POISON) 
[7] = 0 (POISON) 


---------------------------------------------------------------------

Local time and date: Sat Oct 19 00:47:45 2024

OK
Stack_t[0x61ca6548ec10] stack at src/stack.cpp:243 in function StackReturnCode StackPush(StackId_t, StackElem_t)
Born at src/proc.cpp:48 in function void ProcCtor(Proc_t*, int, const char**)

Stack ID             = 1

LEFT  STRUCT CANARY  = 58188442558455514
RIGHT STRUCT CANARY  = 58188442558455514

LEFT  DATA   CANARY  = 58188442558455514
RIGHT DATA   CANARY  = 58188442558455514

STRUCT HASH          = 7662667363621008283
DATA   HASH          = 8200853889849225

capacity             = 8
size                 = 1

[0] = 2
[1] = 0 (POISON) 
[2] = 0 (POISON) 
[3] = 0 (POISON) 
[4] = 0 (POISON) 
[5] = 0 (POISON) 
[6] = 0 (POISON) 
[7] = 0 (POISON) 


---------------------------------------------------------------------

Local time and date: Sat Oct 19 00:47:45 2024

OK
Stack_t[0x61ca6548ec10] stack at src/stack.cpp:887 in function StackReturnCode StackIsDamaged(StackId_t, int, const char*, const char*)
Born at src/proc.cpp:48 in function void ProcCtor(Proc_t*, int, const char**)

Stack ID             = 1

LEFT  STRUCT CANARY  = 58188442558455514
RIGHT STRUCT CANARY  = 58188442558455514

LEFT  DATA   CANARY  = 58188442558455514
RIGHT DATA   CANARY  = 58188442558455514

STRUCT HASH          = 7662667363621008283
DATA   HASH          = 8200853889849225

capacity             = 8
size                 = 1

[0] = 2
[1] = 0 (POISON) 
[2] = 0 (POISON) 
[3] = 0 (POISON) 
[4] = 0 (POISON) 
[5] = 0 (POISON) 
[6] = 0 (POISON) 
[7] = 0 (POISON) 


---------------------------------------------------------------------

Local time and date: Sat Oct 19 00:47:45 2024

OK
Stack_t[0x61ca6548ec10] stack at src/stack.cpp:245 in function StackReturnCode StackPush(StackId_t, StackElem_t)
Born at src/proc.cpp:48 in function void ProcCtor(Proc_t*, int, const char**)

Stack ID             = 1

LEFT  STRUCT CANARY  = 58188442558455514
RIGHT STRUCT CANARY  = 58188442558455514

LEFT  DATA   CANARY  = 58188442558455514
RIGHT DATA   CANARY  = 58188442558455514

STRUCT HASH          = 7662667363621008283
DATA   HASH          = 8200853889849225

capacity             = 8
size                 = 1

[0] = 2
[1] = 0 (POISON) 
[2] = 0 (POISON) 
[3] = 0 (POISON) 
[4] = 0 (POISON) 
[5] = 0 (POISON) 
[6] = 0 (POISON) 
[7] = 0 (POISON) 


---------------------------------------------------------------------

Local time and date: Sat Oct 19 00:47:45 2024

OK
Stack_t[0x61ca6548ec10] stack at src/stack.cpp:698 in function StackReturnCode CountDataHash(StackId_t)
Born at src/proc.cpp:48 in function void ProcCtor(Proc_t*, int, const char**)

Stack ID             = 1

LEFT  STRUCT CANARY  = 58188442558455514
RIGHT STRUCT CANARY  = 58188442558455514

LEFT  DATA   CANARY  = 58188442558455514
RIGHT DATA   CANARY  = 58188442558455514

STRUCT HASH          = 7662667363621008283
DATA   HASH          = 8200853889849225

capacity             = 8
size                 = 1

[0] = 2
[1] = 0 (POISON) 
[2] = 0 (POISON) 
[3] = 0 (POISON) 
[4] = 0 (POISON) 
[5] = 0 (POISON) 
[6] = 0 (POISON) 
[7] = 0 (POISON) 


---------------------------------------------------------------------

Local time and date: Sat Oct 19 00:47:45 2024

OK
Stack_t[0x61ca6548ec10] stack at src/stack.cpp:720 in function StackReturnCode CountStructHash(StackId_t)
Born at src/proc.cpp:48 in function void ProcCtor(Proc_t*, int, const char**)

Stack ID             = 1

LEFT  STRUCT CANARY  = 58188442558455514
RIGHT STRUCT CANARY  = 58188442558455514

LEFT  DATA   CANARY  = 58188442558455514
RIGHT DATA   CANARY  = 58188442558455514

STRUCT HASH          = 7662667363621008283
DATA   HASH          = 8200853889849225

capacity             = 8
size                 = 1

[0] = 2
[1] = 0 (POISON) 
[2] = 0 (POISON) 
[3] = 0 (POISON) 
[4] = 0 (POISON) 
[5] = 0 (POISON) 
[6] = 0 (POISON) 
[7] = 0 (POISON) 


---------------------------------------------------------------------

Local time and date: Sat Oct 19 00:47:45 2024

OK
Stack_t[0x61ca6548ec10] stack at src/stack.cpp:254 in function StackElem_t StackPop(StackId_t)
Born at src/proc.cpp:48 in function void ProcCtor(Proc_t*, int, const char**)

Stack ID             = 1

LEFT  STRUCT CANARY  = 58188442558455514
RIGHT STRUCT CANARY  = 58188442558455514

LEFT  DATA   CANARY  = 58188442558455514
RIGHT DATA   CANARY  = 58188442558455514

STRUCT HASH          = 7662667363621008283
DATA   HASH          = 8200853889849225

capacity             = 8
size                 = 1

[0] = 2
[1] = 0 (POISON) 
[2] = 0 (POISON) 
[3] = 0 (POISON) 
[4] = 0 (POISON) 
[5] = 0 (POISON) 
[6] = 0 (POISON) 
[7] = 0 (POISON) 


---------------------------------------------------------------------

Local time and date: Sat Oct 19 00:47:45 2024

OK
Stack_t[0x61ca6548ec10] stack at src/stack.cpp:887 in function StackReturnCode StackIsDamaged(StackId_t, int, const char*, const char*)
Born at src/proc.cpp:48 in function void ProcCtor(Proc_t*, int, const char**)

Stack ID             = 1

LEFT  STRUCT CANARY  = 58188442558455514
RIGHT STRUCT CANARY  = 58188442558455514

LEFT  DATA   CANARY  = 58188442558455514
RIGHT DATA   CANARY  = 58188442558455514

STRUCT HASH          = 7662667363621008283
DATA   HASH          = 8200853889849225

capacity             = 8
size                 = 1

[0] = 2
[1] = 0 (POISON) 
[2] = 0 (POISON) 
[3] = 0 (POISON) 
[4] = 0 (POISON) 
[5] = 0 (POISON) 
[6] = 0 (POISON) 
[7] = 0 (POISON) 


---------------------------------------------------------------------

Local time and date: Sat Oct 19 00:47:45 2024

OK
Stack_t[0x61ca6548ec10] stack at src/stack.cpp:260 in function StackElem_t StackPop(StackId_t)
Born at src/proc.cpp:48 in function void ProcCtor(Proc_t*, int, const char**)

Stack ID             = 1

LEFT  STRUCT CANARY  = 58188442558455514
RIGHT STRUCT CANARY  = 58188442558455514

LEFT  DATA   CANARY  = 58188442558455514
RIGHT DATA   CANARY  = 58188442558455514

STRUCT HASH          = 7662667363621008283
DATA   HASH          = 8200853889849225

capacity             = 8
size                 = 1

[0] = 2
[1] = 0 (POISON) 
[2] = 0 (POISON) 
[3] = 0 (POISON) 
[4] = 0 (POISON) 
[5] = 0 (POISON) 
[6] = 0 (POISON) 
[7] = 0 (POISON) 


---------------------------------------------------------------------

Local time and date: Sat Oct 19 00:47:45 2024

OK
Stack_t[0x61ca6548ec10] stack at src/stack.cpp:698 in function StackReturnCode CountDataHash(StackId_t)
Born at src/proc.cpp:48 in function void ProcCtor(Proc_t*, int, const char**)

Stack ID             = 1

LEFT  STRUCT CANARY  = 58188442558455514
RIGHT STRUCT CANARY  = 58188442558455514

LEFT  DATA   CANARY  = 58188442558455514
RIGHT DATA   CANARY  = 58188442558455514

STRUCT HASH          = 7662667363621008283
DATA   HASH          = 8200853889849225

capacity             = 8
size                 = 1

[0] = 2
[1] = 0 (POISON) 
[2] = 0 (POISON) 
[3] = 0 (POISON) 
[4] = 0 (POISON) 
[5] = 0 (POISON) 
[6] = 0 (POISON) 
[7] = 0 (POISON) 


---------------------------------------------------------------------

Local time and date: Sat Oct 19 00:47:45 2024

OK
Stack_t[0x61ca6548ec10] stack at src/stack.cpp:720 in function StackReturnCode CountStructHash(StackId_t)
Born at src/proc.cpp:48 in function void ProcCtor(Proc_t*, int, const char**)

Stack ID             = 1

LEFT  STRUCT CANARY  = 58188442558455514
RIGHT STRUCT CANARY  = 58188442558455514

LEFT  DATA   CANARY  = 58188442558455514
RIGHT DATA   CANARY  = 58188442558455514

STRUCT HASH          = 7662667363621008283
DATA   HASH          = 8200853889849225

capacity             = 8
size                 = 1

[0] = 2
[1] = 0 (POISON) 
[2] = 0 (POISON) 
[3] = 0 (POISON) 
[4] = 0 (POISON) 
[5] = 0 (POISON) 
[6] = 0 (POISON) 
[7] = 0 (POISON) 


---------------------------------------------------------------------

Local time and date: Sat Oct 19 00:47:45 2024

OK
Stack_t[0x61ca6548ec10] stack at src/stack.cpp:720 in function StackReturnCode CountStructHash(StackId_t)
Born at src/proc.cpp:48 in function void ProcCtor(Proc_t*, int, const char**)

Stack ID             = 1

LEFT  STRUCT CANARY  = 58188442558455514
RIGHT STRUCT CANARY  = 58188442558455514

LEFT  DATA   CANARY  = 58188442558455514
RIGHT DATA   CANARY  = 58188442558455514

STRUCT HASH          = 7662667363621008283
DATA   HASH          = 8200853889849225

capacity             = 8
size                 = 0

[0] = 2 (POISON) 
[1] = 0 (POISON) 
[2] = 0 (POISON) 
[3] = 0 (POISON) 
[4] = 0 (POISON) 
[5] = 0 (POISON) 
[6] = 0 (POISON) 
[7] = 0 (POISON) 


---------------------------------------------------------------------

Local time and date: Sat Oct 19 00:47:45 2024

OK
Stack_t[0x61ca6548ec10] stack at src/stack.cpp:291 in function StackElem_t StackPop(StackId_t)
Born at src/proc.cpp:48 in function void ProcCtor(Proc_t*, int, const char**)

Stack ID             = 1

LEFT  STRUCT CANARY  = 58188442558455514
RIGHT STRUCT CANARY  = 58188442558455514

LEFT  DATA   CANARY  = 58188442558455514
RIGHT DATA   CANARY  = 58188442558455514

STRUCT HASH          = 6390863613215800506
DATA   HASH          = 8200853889849225

capacity             = 8
size                 = 0

[0] = 0 (POISON) 
[1] = 0 (POISON) 
[2] = 0 (POISON) 
[3] = 0 (POISON) 
[4] = 0 (POISON) 
[5] = 0 (POISON) 
[6] = 0 (POISON) 
[7] = 0 (POISON) 


---------------------------------------------------------------------

Local time and date: Sat Oct 19 00:47:45 2024

OK
Stack_t[0x61ca6548ec10] stack at src/stack.cpp:698 in function StackReturnCode CountDataHash(StackId_t)
Born at src/proc.cpp:48 in function void ProcCtor(Proc_t*, int, const char**)

Stack ID             = 1

LEFT  STRUCT CANARY  = 58188442558455514
RIGHT STRUCT CANARY  = 58188442558455514

LEFT  DATA   CANARY  = 58188442558455514
RIGHT DATA   CANARY  = 58188442558455514

STRUCT HASH          = 6390863613215800506
DATA   HASH          = 8200853889849225

capacity             = 8
size                 = 0

[0] = 0 (POISON) 
[1] = 0 (POISON) 
[2] = 0 (POISON) 
[3] = 0 (POISON) 
[4] = 0 (POISON) 
[5] = 0 (POISON) 
[6] = 0 (POISON) 
[7] = 0 (POISON) 


---------------------------------------------------------------------

Local time and date: Sat Oct 19 00:47:45 2024

OK
Stack_t[0x61ca6548ec10] stack at src/stack.cpp:720 in function StackReturnCode CountStructHash(StackId_t)
Born at src/proc.cpp:48 in function void ProcCtor(Proc_t*, int, const char**)

Stack ID             = 1

LEFT  STRUCT CANARY  = 58188442558455514
RIGHT STRUCT CANARY  = 58188442558455514

LEFT  DATA   CANARY  = 58188442558455514
RIGHT DATA   CANARY  = 58188442558455514

STRUCT HASH          = 6390863613215800506
DATA   HASH          = 8200768652963271

capacity             = 8
size                 = 0

[0] = 0 (POISON) 
[1] = 0 (POISON) 
[2] = 0 (POISON) 
[3] = 0 (POISON) 
[4] = 0 (POISON) 
[5] = 0 (POISON) 
[6] = 0 (POISON) 
[7] = 0 (POISON) 


---------------------------------------------------------------------

Local time and date: Sat Oct 19 00:47:45 2024

OK
Stack_t[0x61ca6548ec10] stack at src/stack.cpp:297 in function StackElem_t StackPop(StackId_t)
Born at src/proc.cpp:48 in function void ProcCtor(Proc_t*, int, const char**)

Stack ID             = 1

LEFT  STRUCT CANARY  = 58188442558455514
RIGHT STRUCT CANARY  = 58188442558455514

LEFT  DATA   CANARY  = 58188442558455514
RIGHT DATA   CANARY  = 58188442558455514

STRUCT HASH          = 16027419922033942174
DATA   HASH          = 8200768652963271

capacity             = 8
size                 = 0

[0] = 0 (POISON) 
[1] = 0 (POISON) 
[2] = 0 (POISON) 
[3] = 0 (POISON) 
[4] = 0 (POISON) 
[5] = 0 (POISON) 
[6] = 0 (POISON) 
[7] = 0 (POISON) 


---------------------------------------------------------------------

Local time and date: Sat Oct 19 00:47:45 2024

OK
Stack_t[0x61ca6548ec10] stack at src/stack.cpp:887 in function StackReturnCode StackIsDamaged(StackId_t, int, const char*, const char*)
Born at src/proc.cpp:48 in function void ProcCtor(Proc_t*, int, const char**)

Stack ID             = 1

LEFT  STRUCT CANARY  = 58188442558455514
RIGHT STRUCT CANARY  = 58188442558455514

LEFT  DATA   CANARY  = 58188442558455514
RIGHT DATA   CANARY  = 58188442558455514

STRUCT HASH          = 16027419922033942174
DATA   HASH          = 8200768652963271

capacity             = 8
size                 = 0

[0] = 0 (POISON) 
[1] = 0 (POISON) 
[2] = 0 (POISON) 
[3] = 0 (POISON) 
[4] = 0 (POISON) 
[5] = 0 (POISON) 
[6] = 0 (POISON) 
[7] = 0 (POISON) 


---------------------------------------------------------------------

Local time and date: Sat Oct 19 00:47:45 2024

OK
Stack_t[0x61ca6548ec10] stack at src/stack.cpp:299 in function StackElem_t StackPop(StackId_t)
Born at src/proc.cpp:48 in function void ProcCtor(Proc_t*, int, const char**)

Stack ID             = 1

LEFT  STRUCT CANARY  = 58188442558455514
RIGHT STRUCT CANARY  = 58188442558455514

LEFT  DATA   CANARY  = 58188442558455514
RIGHT DATA   CANARY  = 58188442558455514

STRUCT HASH          = 16027419922033942174
DATA   HASH          = 8200768652963271

capacity             = 8
size                 = 0

[0] = 0 (POISON) 
[1] = 0 (POISON) 
[2] = 0 (POISON) 
[3] = 0 (POISON) 
[4] = 0 (POISON) 
[5] = 0 (POISON) 
[6] = 0 (POISON) 
[7] = 0 (POISON) 


---------------------------------------------------------------------

Local time and date: Sat Oct 19 00:47:45 2024

OK
Stack_t[0x61ca6548ec10] stack at src/stack.cpp:698 in function StackReturnCode CountDataHash(StackId_t)
Born at src/proc.cpp:48 in function void ProcCtor(Proc_t*, int, const char**)

Stack ID             = 1

LEFT  STRUCT CANARY  = 58188442558455514
RIGHT STRUCT CANARY  = 58188442558455514

LEFT  DATA   CANARY  = 58188442558455514
RIGHT DATA   CANARY  = 58188442558455514

STRUCT HASH          = 16027419922033942174
DATA   HASH          = 8200768652963271

capacity             = 8
size                 = 0

[0] = 0 (POISON) 
[1] = 0 (POISON) 
[2] = 0 (POISON) 
[3] = 0 (POISON) 
[4] = 0 (POISON) 
[5] = 0 (POISON) 
[6] = 0 (POISON) 
[7] = 0 (POISON) 


---------------------------------------------------------------------

Local time and date: Sat Oct 19 00:47:45 2024

OK
Stack_t[0x61ca6548ec10] stack at src/stack.cpp:720 in function StackReturnCode CountStructHash(StackId_t)
Born at src/proc.cpp:48 in function void ProcCtor(Proc_t*, int, const char**)

Stack ID             = 1

LEFT  STRUCT CANARY  = 58188442558455514
RIGHT STRUCT CANARY  = 58188442558455514

LEFT  DATA   CANARY  = 58188442558455514
RIGHT DATA   CANARY  = 58188442558455514

STRUCT HASH          = 16027419922033942174
DATA   HASH          = 8200768652963271

capacity             = 8
size                 = 0

[0] = 0 (POISON) 
[1] = 0 (POISON) 
[2] = 0 (POISON) 
[3] = 0 (POISON) 
[4] = 0 (POISON) 
[5] = 0 (POISON) 
[6] = 0 (POISON) 
[7] = 0 (POISON) 


---------------------------------------------------------------------

Local time and date: Sat Oct 19 00:47:45 2024

OK
Stack_t[0x61ca6548ec10] stack at src/stack.cpp:200 in function StackReturnCode StackPush(StackId_t, StackElem_t)
Born at src/proc.cpp:48 in function void ProcCtor(Proc_t*, int, const char**)

Stack ID             = 1

LEFT  STRUCT CANARY  = 58188442558455514
RIGHT STRUCT CANARY  = 58188442558455514

LEFT  DATA   CANARY  = 58188442558455514
RIGHT DATA   CANARY  = 58188442558455514

STRUCT HASH          = 16027419922033942174
DATA   HASH          = 8200768652963271

capacity             = 8
size                 = 0

[0] = 0 (POISON) 
[1] = 0 (POISON) 
[2] = 0 (POISON) 
[3] = 0 (POISON) 
[4] = 0 (POISON) 
[5] = 0 (POISON) 
[6] = 0 (POISON) 
[7] = 0 (POISON) 


---------------------------------------------------------------------

Local time and date: Sat Oct 19 00:47:45 2024

OK
Stack_t[0x61ca6548ec10] stack at src/stack.cpp:887 in function StackReturnCode StackIsDamaged(StackId_t, int, const char*, const char*)
Born at src/proc.cpp:48 in function void ProcCtor(Proc_t*, int, const char**)

Stack ID             = 1

LEFT  STRUCT CANARY  = 58188442558455514
RIGHT STRUCT CANARY  = 58188442558455514

LEFT  DATA   CANARY  = 58188442558455514
RIGHT DATA   CANARY  = 58188442558455514

STRUCT HASH          = 16027419922033942174
DATA   HASH          = 8200768652963271

capacity             = 8
size                 = 0

[0] = 0 (POISON) 
[1] = 0 (POISON) 
[2] = 0 (POISON) 
[3] = 0 (POISON) 
[4] = 0 (POISON) 
[5] = 0 (POISON) 
[6] = 0 (POISON) 
[7] = 0 (POISON) 


---------------------------------------------------------------------

Local time and date: Sat Oct 19 00:47:45 2024

OK
Stack_t[0x61ca6548ec10] stack at src/stack.cpp:206 in function StackReturnCode StackPush(StackId_t, StackElem_t)
Born at src/proc.cpp:48 in function void ProcCtor(Proc_t*, int, const char**)

Stack ID             = 1

LEFT  STRUCT CANARY  = 58188442558455514
RIGHT STRUCT CANARY  = 58188442558455514

LEFT  DATA   CANARY  = 58188442558455514
RIGHT DATA   CANARY  = 58188442558455514

STRUCT HASH          = 16027419922033942174
DATA   HASH          = 8200768652963271

capacity             = 8
size                 = 0

[0] = 0 (POISON) 
[1] = 0 (POISON) 
[2] = 0 (POISON) 
[3] = 0 (POISON) 
[4] = 0 (POISON) 
[5] = 0 (POISON) 
[6] = 0 (POISON) 
[7] = 0 (POISON) 


---------------------------------------------------------------------

Local time and date: Sat Oct 19 00:47:45 2024

OK
Stack_t[0x61ca6548ec10] stack at src/stack.cpp:698 in function StackReturnCode CountDataHash(StackId_t)
Born at src/proc.cpp:48 in function void ProcCtor(Proc_t*, int, const char**)

Stack ID             = 1

LEFT  STRUCT CANARY  = 58188442558455514
RIGHT STRUCT CANARY  = 58188442558455514

LEFT  DATA   CANARY  = 58188442558455514
RIGHT DATA   CANARY  = 58188442558455514

STRUCT HASH          = 16027419922033942174
DATA   HASH          = 8200768652963271

capacity             = 8
size                 = 0

[0] = 0 (POISON) 
[1] = 0 (POISON) 
[2] = 0 (POISON) 
[3] = 0 (POISON) 
[4] = 0 (POISON) 
[5] = 0 (POISON) 
[6] = 0 (POISON) 
[7] = 0 (POISON) 


---------------------------------------------------------------------

Local time and date: Sat Oct 19 00:47:45 2024

OK
Stack_t[0x61ca6548ec10] stack at src/stack.cpp:720 in function StackReturnCode CountStructHash(StackId_t)
Born at src/proc.cpp:48 in function void ProcCtor(Proc_t*, int, const char**)

Stack ID             = 1

LEFT  STRUCT CANARY  = 58188442558455514
RIGHT STRUCT CANARY  = 58188442558455514

LEFT  DATA   CANARY  = 58188442558455514
RIGHT DATA   CANARY  = 58188442558455514

STRUCT HASH          = 16027419922033942174
DATA   HASH          = 8200768652963271

capacity             = 8
size                 = 0

[0] = 0 (POISON) 
[1] = 0 (POISON) 
[2] = 0 (POISON) 
[3] = 0 (POISON) 
[4] = 0 (POISON) 
[5] = 0 (POISON) 
[6] = 0 (POISON) 
[7] = 0 (POISON) 


---------------------------------------------------------------------

Local time and date: Sat Oct 19 00:47:45 2024

OK
Stack_t[0x61ca6548ec10] stack at src/stack.cpp:237 in function StackReturnCode StackPush(StackId_t, StackElem_t)
Born at src/proc.cpp:48 in function void ProcCtor(Proc_t*, int, const char**)

Stack ID             = 1

LEFT  STRUCT CANARY  = 58188442558455514
RIGHT STRUCT CANARY  = 58188442558455514

LEFT  DATA   CANARY  = 58188442558455514
RIGHT DATA   CANARY  = 58188442558455514

STRUCT HASH          = 16027419922033942174
DATA   HASH          = 8200768652963271

capacity             = 8
size                 = 1

[0] = 1488
[1] = 0 (POISON) 
[2] = 0 (POISON) 
[3] = 0 (POISON) 
[4] = 0 (POISON) 
[5] = 0 (POISON) 
[6] = 0 (POISON) 
[7] = 0 (POISON) 


---------------------------------------------------------------------

Local time and date: Sat Oct 19 00:47:45 2024

OK
Stack_t[0x61ca6548ec10] stack at src/stack.cpp:698 in function StackReturnCode CountDataHash(StackId_t)
Born at src/proc.cpp:48 in function void ProcCtor(Proc_t*, int, const char**)

Stack ID             = 1

LEFT  STRUCT CANARY  = 58188442558455514
RIGHT STRUCT CANARY  = 58188442558455514

LEFT  DATA   CANARY  = 58188442558455514
RIGHT DATA   CANARY  = 58188442558455514

STRUCT HASH          = 16027419922033942174
DATA   HASH          = 8200768652963271

capacity             = 8
size                 = 1

[0] = 1488
[1] = 0 (POISON) 
[2] = 0 (POISON) 
[3] = 0 (POISON) 
[4] = 0 (POISON) 
[5] = 0 (POISON) 
[6] = 0 (POISON) 
[7] = 0 (POISON) 


---------------------------------------------------------------------

Local time and date: Sat Oct 19 00:47:45 2024

OK
Stack_t[0x61ca6548ec10] stack at src/stack.cpp:720 in function StackReturnCode CountStructHash(StackId_t)
Born at src/proc.cpp:48 in function void ProcCtor(Proc_t*, int, const char**)

Stack ID             = 1

LEFT  STRUCT CANARY  = 58188442558455514
RIGHT STRUCT CANARY  = 58188442558455514

LEFT  DATA   CANARY  = 58188442558455514
RIGHT DATA   CANARY  = 58188442558455514

STRUCT HASH          = 16027419922033942174
DATA   HASH          = 8264184896113047

capacity             = 8
size                 = 1

[0] = 1488
[1] = 0 (POISON) 
[2] = 0 (POISON) 
[3] = 0 (POISON) 
[4] = 0 (POISON) 
[5] = 0 (POISON) 
[6] = 0 (POISON) 
[7] = 0 (POISON) 


---------------------------------------------------------------------

Local time and date: Sat Oct 19 00:47:45 2024

OK
Stack_t[0x61ca6548ec10] stack at src/stack.cpp:243 in function StackReturnCode StackPush(StackId_t, StackElem_t)
Born at src/proc.cpp:48 in function void ProcCtor(Proc_t*, int, const char**)

Stack ID             = 1

LEFT  STRUCT CANARY  = 58188442558455514
RIGHT STRUCT CANARY  = 58188442558455514

LEFT  DATA   CANARY  = 58188442558455514
RIGHT DATA   CANARY  = 58188442558455514

STRUCT HASH          = 17233973203897275415
DATA   HASH          = 8264184896113047

capacity             = 8
size                 = 1

[0] = 1488
[1] = 0 (POISON) 
[2] = 0 (POISON) 
[3] = 0 (POISON) 
[4] = 0 (POISON) 
[5] = 0 (POISON) 
[6] = 0 (POISON) 
[7] = 0 (POISON) 


---------------------------------------------------------------------

Local time and date: Sat Oct 19 00:47:45 2024

OK
Stack_t[0x61ca6548ec10] stack at src/stack.cpp:887 in function StackReturnCode StackIsDamaged(StackId_t, int, const char*, const char*)
Born at src/proc.cpp:48 in function void ProcCtor(Proc_t*, int, const char**)

Stack ID             = 1

LEFT  STRUCT CANARY  = 58188442558455514
RIGHT STRUCT CANARY  = 58188442558455514

LEFT  DATA   CANARY  = 58188442558455514
RIGHT DATA   CANARY  = 58188442558455514

STRUCT HASH          = 17233973203897275415
DATA   HASH          = 8264184896113047

capacity             = 8
size                 = 1

[0] = 1488
[1] = 0 (POISON) 
[2] = 0 (POISON) 
[3] = 0 (POISON) 
[4] = 0 (POISON) 
[5] = 0 (POISON) 
[6] = 0 (POISON) 
[7] = 0 (POISON) 


---------------------------------------------------------------------

Local time and date: Sat Oct 19 00:47:45 2024

OK
Stack_t[0x61ca6548ec10] stack at src/stack.cpp:245 in function StackReturnCode StackPush(StackId_t, StackElem_t)
Born at src/proc.cpp:48 in function void ProcCtor(Proc_t*, int, const char**)

Stack ID             = 1

LEFT  STRUCT CANARY  = 58188442558455514
RIGHT STRUCT CANARY  = 58188442558455514

LEFT  DATA   CANARY  = 58188442558455514
RIGHT DATA   CANARY  = 58188442558455514

STRUCT HASH          = 17233973203897275415
DATA   HASH          = 8264184896113047

capacity             = 8
size                 = 1

[0] = 1488
[1] = 0 (POISON) 
[2] = 0 (POISON) 
[3] = 0 (POISON) 
[4] = 0 (POISON) 
[5] = 0 (POISON) 
[6] = 0 (POISON) 
[7] = 0 (POISON) 


---------------------------------------------------------------------

Local time and date: Sat Oct 19 00:47:45 2024

OK
Stack_t[0x61ca6548ec10] stack at src/stack.cpp:698 in function StackReturnCode CountDataHash(StackId_t)
Born at src/proc.cpp:48 in function void ProcCtor(Proc_t*, int, const char**)

Stack ID             = 1

LEFT  STRUCT CANARY  = 58188442558455514
RIGHT STRUCT CANARY  = 58188442558455514

LEFT  DATA   CANARY  = 58188442558455514
RIGHT DATA   CANARY  = 58188442558455514

STRUCT HASH          = 17233973203897275415
DATA   HASH          = 8264184896113047

capacity             = 8
size                 = 1

[0] = 1488
[1] = 0 (POISON) 
[2] = 0 (POISON) 
[3] = 0 (POISON) 
[4] = 0 (POISON) 
[5] = 0 (POISON) 
[6] = 0 (POISON) 
[7] = 0 (POISON) 


---------------------------------------------------------------------

Local time and date: Sat Oct 19 00:47:45 2024

OK
Stack_t[0x61ca6548ec10] stack at src/stack.cpp:720 in function StackReturnCode CountStructHash(StackId_t)
Born at src/proc.cpp:48 in function void ProcCtor(Proc_t*, int, const char**)

Stack ID             = 1

LEFT  STRUCT CANARY  = 58188442558455514
RIGHT STRUCT CANARY  = 58188442558455514

LEFT  DATA   CANARY  = 58188442558455514
RIGHT DATA   CANARY  = 58188442558455514

STRUCT HASH          = 17233973203897275415
DATA   HASH          = 8264184896113047

capacity             = 8
size                 = 1

[0] = 1488
[1] = 0 (POISON) 
[2] = 0 (POISON) 
[3] = 0 (POISON) 
[4] = 0 (POISON) 
[5] = 0 (POISON) 
[6] = 0 (POISON) 
[7] = 0 (POISON) 


---------------------------------------------------------------------

Local time and date: Sat Oct 19 00:47:45 2024

OK
Stack_t[0x61ca6548ec10] stack at src/stack.cpp:254 in function StackElem_t StackPop(StackId_t)
Born at src/proc.cpp:48 in function void ProcCtor(Proc_t*, int, const char**)

Stack ID             = 1

LEFT  STRUCT CANARY  = 58188442558455514
RIGHT STRUCT CANARY  = 58188442558455514

LEFT  DATA   CANARY  = 58188442558455514
RIGHT DATA   CANARY  = 58188442558455514

STRUCT HASH          = 17233973203897275415
DATA   HASH          = 8264184896113047

capacity             = 8
size                 = 1

[0] = 1488
[1] = 0 (POISON) 
[2] = 0 (POISON) 
[3] = 0 (POISON) 
[4] = 0 (POISON) 
[5] = 0 (POISON) 
[6] = 0 (POISON) 
[7] = 0 (POISON) 


---------------------------------------------------------------------

Local time and date: Sat Oct 19 00:47:45 2024

OK
Stack_t[0x61ca6548ec10] stack at src/stack.cpp:887 in function StackReturnCode StackIsDamaged(StackId_t, int, const char*, const char*)
Born at src/proc.cpp:48 in function void ProcCtor(Proc_t*, int, const char**)

Stack ID             = 1

LEFT  STRUCT CANARY  = 58188442558455514
RIGHT STRUCT CANARY  = 58188442558455514

LEFT  DATA   CANARY  = 58188442558455514
RIGHT DATA   CANARY  = 58188442558455514

STRUCT HASH          = 17233973203897275415
DATA   HASH          = 8264184896113047

capacity             = 8
size                 = 1

[0] = 1488
[1] = 0 (POISON) 
[2] = 0 (POISON) 
[3] = 0 (POISON) 
[4] = 0 (POISON) 
[5] = 0 (POISON) 
[6] = 0 (POISON) 
[7] = 0 (POISON) 


---------------------------------------------------------------------

Local time and date: Sat Oct 19 00:47:45 2024

OK
Stack_t[0x61ca6548ec10] stack at src/stack.cpp:260 in function StackElem_t StackPop(StackId_t)
Born at src/proc.cpp:48 in function void ProcCtor(Proc_t*, int, const char**)

Stack ID             = 1

LEFT  STRUCT CANARY  = 58188442558455514
RIGHT STRUCT CANARY  = 58188442558455514

LEFT  DATA   CANARY  = 58188442558455514
RIGHT DATA   CANARY  = 58188442558455514

STRUCT HASH          = 17233973203897275415
DATA   HASH          = 8264184896113047

capacity             = 8
size                 = 1

[0] = 1488
[1] = 0 (POISON) 
[2] = 0 (POISON) 
[3] = 0 (POISON) 
[4] = 0 (POISON) 
[5] = 0 (POISON) 
[6] = 0 (POISON) 
[7] = 0 (POISON) 


---------------------------------------------------------------------

Local time and date: Sat Oct 19 00:47:45 2024

OK
Stack_t[0x61ca6548ec10] stack at src/stack.cpp:698 in function StackReturnCode CountDataHash(StackId_t)
Born at src/proc.cpp:48 in function void ProcCtor(Proc_t*, int, const char**)

Stack ID             = 1

LEFT  STRUCT CANARY  = 58188442558455514
RIGHT STRUCT CANARY  = 58188442558455514

LEFT  DATA   CANARY  = 58188442558455514
RIGHT DATA   CANARY  = 58188442558455514

STRUCT HASH          = 17233973203897275415
DATA   HASH          = 8264184896113047

capacity             = 8
size                 = 1

[0] = 1488
[1] = 0 (POISON) 
[2] = 0 (POISON) 
[3] = 0 (POISON) 
[4] = 0 (POISON) 
[5] = 0 (POISON) 
[6] = 0 (POISON) 
[7] = 0 (POISON) 


---------------------------------------------------------------------

Local time and date: Sat Oct 19 00:47:45 2024

OK
Stack_t[0x61ca6548ec10] stack at src/stack.cpp:720 in function StackReturnCode CountStructHash(StackId_t)
Born at src/proc.cpp:48 in function void ProcCtor(Proc_t*, int, const char**)

Stack ID             = 1

LEFT  STRUCT CANARY  = 58188442558455514
RIGHT STRUCT CANARY  = 58188442558455514

LEFT  DATA   CANARY  = 58188442558455514
RIGHT DATA   CANARY  = 58188442558455514

STRUCT HASH          = 17233973203897275415
DATA   HASH          = 8264184896113047

capacity             = 8
size                 = 1

[0] = 1488
[1] = 0 (POISON) 
[2] = 0 (POISON) 
[3] = 0 (POISON) 
[4] = 0 (POISON) 
[5] = 0 (POISON) 
[6] = 0 (POISON) 
[7] = 0 (POISON) 


---------------------------------------------------------------------

Local time and date: Sat Oct 19 00:47:45 2024

OK
Stack_t[0x61ca6548ec10] stack at src/stack.cpp:720 in function StackReturnCode CountStructHash(StackId_t)
Born at src/proc.cpp:48 in function void ProcCtor(Proc_t*, int, const char**)

Stack ID             = 1

LEFT  STRUCT CANARY  = 58188442558455514
RIGHT STRUCT CANARY  = 58188442558455514

LEFT  DATA   CANARY  = 58188442558455514
RIGHT DATA   CANARY  = 58188442558455514

STRUCT HASH          = 17233973203897275415
DATA   HASH          = 8264184896113047

capacity             = 8
size                 = 0

[0] = 1488 (POISON) 
[1] = 0 (POISON) 
[2] = 0 (POISON) 
[3] = 0 (POISON) 
[4] = 0 (POISON) 
[5] = 0 (POISON) 
[6] = 0 (POISON) 
[7] = 0 (POISON) 


---------------------------------------------------------------------

Local time and date: Sat Oct 19 00:47:45 2024

OK
Stack_t[0x61ca6548ec10] stack at src/stack.cpp:291 in function StackElem_t StackPop(StackId_t)
Born at src/proc.cpp:48 in function void ProcCtor(Proc_t*, int, const char**)

Stack ID             = 1

LEFT  STRUCT CANARY  = 58188442558455514
RIGHT STRUCT CANARY  = 58188442558455514

LEFT  DATA   CANARY  = 58188442558455514
RIGHT DATA   CANARY  = 58188442558455514

STRUCT HASH          = 15962169453492067638
DATA   HASH          = 8264184896113047

capacity             = 8
size                 = 0

[0] = 0 (POISON) 
[1] = 0 (POISON) 
[2] = 0 (POISON) 
[3] = 0 (POISON) 
[4] = 0 (POISON) 
[5] = 0 (POISON) 
[6] = 0 (POISON) 
[7] = 0 (POISON) 


---------------------------------------------------------------------

Local time and date: Sat Oct 19 00:47:45 2024

OK
Stack_t[0x61ca6548ec10] stack at src/stack.cpp:698 in function StackReturnCode CountDataHash(StackId_t)
Born at src/proc.cpp:48 in function void ProcCtor(Proc_t*, int, const char**)

Stack ID             = 1

LEFT  STRUCT CANARY  = 58188442558455514
RIGHT STRUCT CANARY  = 58188442558455514

LEFT  DATA   CANARY  = 58188442558455514
RIGHT DATA   CANARY  = 58188442558455514

STRUCT HASH          = 15962169453492067638
DATA   HASH          = 8264184896113047

capacity             = 8
size                 = 0

[0] = 0 (POISON) 
[1] = 0 (POISON) 
[2] = 0 (POISON) 
[3] = 0 (POISON) 
[4] = 0 (POISON) 
[5] = 0 (POISON) 
[6] = 0 (POISON) 
[7] = 0 (POISON) 


---------------------------------------------------------------------

Local time and date: Sat Oct 19 00:47:45 2024

OK
Stack_t[0x61ca6548ec10] stack at src/stack.cpp:720 in function StackReturnCode CountStructHash(StackId_t)
Born at src/proc.cpp:48 in function void ProcCtor(Proc_t*, int, const char**)

Stack ID             = 1

LEFT  STRUCT CANARY  = 58188442558455514
RIGHT STRUCT CANARY  = 58188442558455514

LEFT  DATA   CANARY  = 58188442558455514
RIGHT DATA   CANARY  = 58188442558455514

STRUCT HASH          = 15962169453492067638
DATA   HASH          = 8200768652963271

capacity             = 8
size                 = 0

[0] = 0 (POISON) 
[1] = 0 (POISON) 
[2] = 0 (POISON) 
[3] = 0 (POISON) 
[4] = 0 (POISON) 
[5] = 0 (POISON) 
[6] = 0 (POISON) 
[7] = 0 (POISON) 


---------------------------------------------------------------------

Local time and date: Sat Oct 19 00:47:45 2024

OK
Stack_t[0x61ca6548ec10] stack at src/stack.cpp:297 in function StackElem_t StackPop(StackId_t)
Born at src/proc.cpp:48 in function void ProcCtor(Proc_t*, int, const char**)

Stack ID             = 1

LEFT  STRUCT CANARY  = 58188442558455514
RIGHT STRUCT CANARY  = 58188442558455514

LEFT  DATA   CANARY  = 58188442558455514
RIGHT DATA   CANARY  = 58188442558455514

STRUCT HASH          = 16027419922033942174
DATA   HASH          = 8200768652963271

capacity             = 8
size                 = 0

[0] = 0 (POISON) 
[1] = 0 (POISON) 
[2] = 0 (POISON) 
[3] = 0 (POISON) 
[4] = 0 (POISON) 
[5] = 0 (POISON) 
[6] = 0 (POISON) 
[7] = 0 (POISON) 


---------------------------------------------------------------------

Local time and date: Sat Oct 19 00:47:45 2024

OK
Stack_t[0x61ca6548ec10] stack at src/stack.cpp:887 in function StackReturnCode StackIsDamaged(StackId_t, int, const char*, const char*)
Born at src/proc.cpp:48 in function void ProcCtor(Proc_t*, int, const char**)

Stack ID             = 1

LEFT  STRUCT CANARY  = 58188442558455514
RIGHT STRUCT CANARY  = 58188442558455514

LEFT  DATA   CANARY  = 58188442558455514
RIGHT DATA   CANARY  = 58188442558455514

STRUCT HASH          = 16027419922033942174
DATA   HASH          = 8200768652963271

capacity             = 8
size                 = 0

[0] = 0 (POISON) 
[1] = 0 (POISON) 
[2] = 0 (POISON) 
[3] = 0 (POISON) 
[4] = 0 (POISON) 
[5] = 0 (POISON) 
[6] = 0 (POISON) 
[7] = 0 (POISON) 


---------------------------------------------------------------------

Local time and date: Sat Oct 19 00:47:45 2024

OK
Stack_t[0x61ca6548ec10] stack at src/stack.cpp:299 in function StackElem_t StackPop(StackId_t)
Born at src/proc.cpp:48 in function void ProcCtor(Proc_t*, int, const char**)

Stack ID             = 1

LEFT  STRUCT CANARY  = 58188442558455514
RIGHT STRUCT CANARY  = 58188442558455514

LEFT  DATA   CANARY  = 58188442558455514
RIGHT DATA   CANARY  = 58188442558455514

STRUCT HASH          = 16027419922033942174
DATA   HASH          = 8200768652963271

capacity             = 8
size                 = 0

[0] = 0 (POISON) 
[1] = 0 (POISON) 
[2] = 0 (POISON) 
[3] = 0 (POISON) 
[4] = 0 (POISON) 
[5] = 0 (POISON) 
[6] = 0 (POISON) 
[7] = 0 (POISON) 


---------------------------------------------------------------------

Local time and date: Sat Oct 19 00:47:45 2024

OK
Stack_t[0x61ca6548ec10] stack at src/stack.cpp:698 in function StackReturnCode CountDataHash(StackId_t)
Born at src/proc.cpp:48 in function void ProcCtor(Proc_t*, int, const char**)

Stack ID             = 1

LEFT  STRUCT CANARY  = 58188442558455514
RIGHT STRUCT CANARY  = 58188442558455514

LEFT  DATA   CANARY  = 58188442558455514
RIGHT DATA   CANARY  = 58188442558455514

STRUCT HASH          = 16027419922033942174
DATA   HASH          = 8200768652963271

capacity             = 8
size                 = 0

[0] = 0 (POISON) 
[1] = 0 (POISON) 
[2] = 0 (POISON) 
[3] = 0 (POISON) 
[4] = 0 (POISON) 
[5] = 0 (POISON) 
[6] = 0 (POISON) 
[7] = 0 (POISON) 


---------------------------------------------------------------------

Local time and date: Sat Oct 19 00:47:45 2024

OK
Stack_t[0x61ca6548ec10] stack at src/stack.cpp:720 in function StackReturnCode CountStructHash(StackId_t)
Born at src/proc.cpp:48 in function void ProcCtor(Proc_t*, int, const char**)

Stack ID             = 1

LEFT  STRUCT CANARY  = 58188442558455514
RIGHT STRUCT CANARY  = 58188442558455514

LEFT  DATA   CANARY  = 58188442558455514
RIGHT DATA   CANARY  = 58188442558455514

STRUCT HASH          = 16027419922033942174
DATA   HASH          = 8200768652963271

capacity             = 8
size                 = 0

[0] = 0 (POISON) 
[1] = 0 (POISON) 
[2] = 0 (POISON) 
[3] = 0 (POISON) 
[4] = 0 (POISON) 
[5] = 0 (POISON) 
[6] = 0 (POISON) 
[7] = 0 (POISON) 


---------------------------------------------------------------------

