Local time and date: Mon Oct 28 22:53:13 2024

Local time and date: Mon Oct 28 22:53:13 2024

input file = asm/executable_files/test.bin
input file pointer = 0x57d734e64a50

running = true

arr_size = 82
regs_size = 8
ram_size = 1073741824

len_code = 82
ip       = 23

CODE ARRAY

[0] = 1
[1] = 1
[2] = 0
[3] = 2
[4] = 6
[5] = 1
[6] = 21
[7] = 71
[8] = 1
[9] = 1
[10] = 100
[11] = 1
[12] = 2
[13] = 1
[14] = 14
[15] = 0
[16] = 20
[17] = 0
[18] = 1
[19] = 0
[20] = 1
[21] = 10
[22] = 12
[23] = 1
[24] = 1
[25] = 1
[26] = 2
[27] = 6
[28] = 1
[29] = 21
[30] = 71
[31] = 1
[32] = 1
[33] = 200
[34] = 1
[35] = 2
[36] = 1
[37] = 14
[38] = 23
[39] = 20
[40] = 0
[41] = 1
[42] = 0
[43] = 1
[44] = 10
[45] = 12
[46] = 1
[47] = 1
[48] = 2
[49] = 2
[50] = 6
[51] = 1
[52] = 21
[53] = 71
[54] = 1
[55] = 1
[56] = 300
[57] = 1
[58] = 2
[59] = 1
[60] = 14
[61] = 46
[62] = 20
[63] = 0
[64] = 1
[65] = 0
[66] = 1
[67] = 10
[68] = 24
[69] = 23
[70] = 0
[71] = 1
[72] = 2
[73] = 1
[74] = 1
[75] = 1
[76] = 1
[77] = 3
[78] = 2
[79] = 2
[80] = 1
[81] = 22

REGISTERS

AX [ak 1] = 100
BX [ak 2] = 0
CX [ak 3] = 0
DX [ak 4] = 0
SP [ak 5] = 0
BP [ak 6] = 0
SI [ak 7] = 0
DI [ak 8] = 0

RAM

[0] = 0
[1] = 0
[2] = 0
[3] = 0
[4] = 0
[5] = 0
[6] = 0
[7] = 0
[8] = 0
[9] = 0
[10] = 0
[11] = 0
[12] = 0
[13] = 0
[14] = 0
[15] = 0
[16] = 0
[17] = 0
[18] = 0
[19] = 0
[20] = 0
[21] = 0
[22] = 0
[23] = 0
[24] = 0
[25] = 0
[26] = 0
[27] = 0
[28] = 0
[29] = 0
[30] = 0
[31] = 0
[32] = 0
[33] = 0
[34] = 0
[35] = 0
[36] = 0
[37] = 0
[38] = 0
[39] = 0
[40] = 0
[41] = 0
[42] = 0
[43] = 0
[44] = 0
[45] = 0
[46] = 0
[47] = 0
[48] = 0
[49] = 0
[50] = 0
[51] = 0
[52] = 0
[53] = 0
[54] = 0
[55] = 0
[56] = 0
[57] = 0
[58] = 0
[59] = 0
[60] = 0
[61] = 0
[62] = 0
[63] = 0
[64] = 0
[65] = 0
[66] = 0
[67] = 0
[68] = 0
[69] = 0
[70] = 0
[71] = 0
[72] = 0
[73] = 0
[74] = 0
[75] = 0
[76] = 0
[77] = 0
[78] = 0
[79] = 0
[80] = 0
[81] = 0
[82] = 0
[83] = 0
[84] = 0
[85] = 0
[86] = 0
[87] = 0
[88] = 0
[89] = 0
[90] = 0
[91] = 0
[92] = 0
[93] = 0
[94] = 0
[95] = 0
[96] = 0
[97] = 0
[98] = 0
[99] = 0
[100] = 0
[101] = 0
[102] = 0
[103] = 0
[104] = 0
[105] = 0
[106] = 0
[107] = 0
[108] = 0
[109] = 0
[110] = 0
[111] = 0
[112] = 0
[113] = 0
[114] = 0
[115] = 0
[116] = 0
[117] = 0
[118] = 0
[119] = 0
[120] = 0
[121] = 0
[122] = 0
[123] = 0
[124] = 0
[125] = 0
[126] = 0
[127] = 0
Local time and date: Mon Oct 28 22:53:13 2024

Local time and date: Mon Oct 28 22:53:13 2024

input file = asm/executable_files/test.bin
input file pointer = 0x57d734e64a50

running = true

arr_size = 82
regs_size = 8
ram_size = 1073741824

len_code = 82
ip       = 46

CODE ARRAY

[0] = 1
[1] = 1
[2] = 0
[3] = 2
[4] = 6
[5] = 1
[6] = 21
[7] = 71
[8] = 1
[9] = 1
[10] = 100
[11] = 1
[12] = 2
[13] = 1
[14] = 14
[15] = 0
[16] = 20
[17] = 0
[18] = 1
[19] = 0
[20] = 1
[21] = 10
[22] = 12
[23] = 1
[24] = 1
[25] = 1
[26] = 2
[27] = 6
[28] = 1
[29] = 21
[30] = 71
[31] = 1
[32] = 1
[33] = 200
[34] = 1
[35] = 2
[36] = 1
[37] = 14
[38] = 23
[39] = 20
[40] = 0
[41] = 1
[42] = 0
[43] = 1
[44] = 10
[45] = 12
[46] = 1
[47] = 1
[48] = 2
[49] = 2
[50] = 6
[51] = 1
[52] = 21
[53] = 71
[54] = 1
[55] = 1
[56] = 300
[57] = 1
[58] = 2
[59] = 1
[60] = 14
[61] = 46
[62] = 20
[63] = 0
[64] = 1
[65] = 0
[66] = 1
[67] = 10
[68] = 24
[69] = 23
[70] = 0
[71] = 1
[72] = 2
[73] = 1
[74] = 1
[75] = 1
[76] = 1
[77] = 3
[78] = 2
[79] = 2
[80] = 1
[81] = 22

REGISTERS

AX [ak 1] = 200
BX [ak 2] = 0
CX [ak 3] = 0
DX [ak 4] = 0
SP [ak 5] = 0
BP [ak 6] = 0
SI [ak 7] = 0
DI [ak 8] = 0

RAM

[0] = 0
[1] = 0
[2] = 0
[3] = 0
[4] = 0
[5] = 0
[6] = 0
[7] = 0
[8] = 0
[9] = 0
[10] = 0
[11] = 0
[12] = 0
[13] = 0
[14] = 0
[15] = 0
[16] = 0
[17] = 0
[18] = 0
[19] = 0
[20] = 0
[21] = 0
[22] = 0
[23] = 0
[24] = 0
[25] = 0
[26] = 0
[27] = 0
[28] = 0
[29] = 0
[30] = 0
[31] = 0
[32] = 0
[33] = 0
[34] = 0
[35] = 0
[36] = 0
[37] = 0
[38] = 0
[39] = 0
[40] = 0
[41] = 0
[42] = 0
[43] = 0
[44] = 0
[45] = 0
[46] = 0
[47] = 0
[48] = 0
[49] = 0
[50] = 0
[51] = 0
[52] = 0
[53] = 0
[54] = 0
[55] = 0
[56] = 0
[57] = 0
[58] = 0
[59] = 0
[60] = 0
[61] = 0
[62] = 0
[63] = 0
[64] = 0
[65] = 0
[66] = 0
[67] = 0
[68] = 0
[69] = 0
[70] = 0
[71] = 0
[72] = 0
[73] = 0
[74] = 0
[75] = 0
[76] = 0
[77] = 0
[78] = 0
[79] = 0
[80] = 0
[81] = 0
[82] = 0
[83] = 0
[84] = 0
[85] = 0
[86] = 0
[87] = 0
[88] = 0
[89] = 0
[90] = 0
[91] = 0
[92] = 0
[93] = 0
[94] = 0
[95] = 0
[96] = 0
[97] = 0
[98] = 0
[99] = 0
[100] = 1
[101] = 1
[102] = 1
[103] = 1
[104] = 1
[105] = 1
[106] = 1
[107] = 1
[108] = 1
[109] = 1
[110] = 1
[111] = 1
[112] = 1
[113] = 1
[114] = 1
[115] = 1
[116] = 1
[117] = 1
[118] = 1
[119] = 1
[120] = 1
[121] = 1
[122] = 1
[123] = 1
[124] = 1
[125] = 1
[126] = 1
[127] = 1
