Local time and date: Sat Oct 19 00:47:45 2024

OK
Stack_t[0x61ca6548ec10] stack Born at src/proc.cpp:48 in function void ProcCtor(Proc_t*, int, const char**)

Stack ID             = 1

LEFT  STRUCT CANARY  = 58188442558455514
RIGHT STRUCT CANARY  = 58188442558455514

LEFT  DATA   CANARY  = 58188442558455514
RIGHT DATA   CANARY  = 58188442558455514

STRUCT HASH          = 16027419922033942174
DATA   HASH          = 8200768652963271

capacity             = 8
size                 = 0

[0] = 0 (POISON) 
[1] = 0 (POISON) 
[2] = 0 (POISON) 
[3] = 0 (POISON) 
[4] = 0 (POISON) 
[5] = 0 (POISON) 
[6] = 0 (POISON) 
[7] = 0 (POISON) 


---------------------------------------------------------------------

Local time and date: Sat Oct 19 00:47:45 2024

OK
Stack_t[0x61ca6548ec10] stack Born at src/proc.cpp:48 in function void ProcCtor(Proc_t*, int, const char**)

Stack ID             = 1

LEFT  STRUCT CANARY  = 58188442558455514
RIGHT STRUCT CANARY  = 58188442558455514

LEFT  DATA   CANARY  = 58188442558455514
RIGHT DATA   CANARY  = 58188442558455514

STRUCT HASH          = 7662667363621008283
DATA   HASH          = 8200853889849225

capacity             = 8
size                 = 1

[0] = 2
[1] = 0 (POISON) 
[2] = 0 (POISON) 
[3] = 0 (POISON) 
[4] = 0 (POISON) 
[5] = 0 (POISON) 
[6] = 0 (POISON) 
[7] = 0 (POISON) 


---------------------------------------------------------------------

Local time and date: Sat Oct 19 00:47:45 2024

OK
Stack_t[0x61ca6548ec10] stack Born at src/proc.cpp:48 in function void ProcCtor(Proc_t*, int, const char**)

Stack ID             = 1

LEFT  STRUCT CANARY  = 58188442558455514
RIGHT STRUCT CANARY  = 58188442558455514

LEFT  DATA   CANARY  = 58188442558455514
RIGHT DATA   CANARY  = 58188442558455514

STRUCT HASH          = 16027419922033942174
DATA   HASH          = 8200768652963271

capacity             = 8
size                 = 0

[0] = 0 (POISON) 
[1] = 0 (POISON) 
[2] = 0 (POISON) 
[3] = 0 (POISON) 
[4] = 0 (POISON) 
[5] = 0 (POISON) 
[6] = 0 (POISON) 
[7] = 0 (POISON) 


---------------------------------------------------------------------

Local time and date: Sat Oct 19 00:47:45 2024

OK
Stack_t[0x61ca6548ec10] stack Born at src/proc.cpp:48 in function void ProcCtor(Proc_t*, int, const char**)

Stack ID             = 1

LEFT  STRUCT CANARY  = 58188442558455514
RIGHT STRUCT CANARY  = 58188442558455514

LEFT  DATA   CANARY  = 58188442558455514
RIGHT DATA   CANARY  = 58188442558455514

STRUCT HASH          = 17233973203897275415
DATA   HASH          = 8264184896113047

capacity             = 8
size                 = 1

[0] = 1488
[1] = 0 (POISON) 
[2] = 0 (POISON) 
[3] = 0 (POISON) 
[4] = 0 (POISON) 
[5] = 0 (POISON) 
[6] = 0 (POISON) 
[7] = 0 (POISON) 


---------------------------------------------------------------------

Local time and date: Sat Oct 19 00:47:45 2024

OK
Stack_t[0x61ca6548ec10] stack Born at src/proc.cpp:48 in function void ProcCtor(Proc_t*, int, const char**)

Stack ID             = 1

LEFT  STRUCT CANARY  = 58188442558455514
RIGHT STRUCT CANARY  = 58188442558455514

LEFT  DATA   CANARY  = 58188442558455514
RIGHT DATA   CANARY  = 58188442558455514

STRUCT HASH          = 16027419922033942174
DATA   HASH          = 8200768652963271

capacity             = 8
size                 = 0

[0] = 0 (POISON) 
[1] = 0 (POISON) 
[2] = 0 (POISON) 
[3] = 0 (POISON) 
[4] = 0 (POISON) 
[5] = 0 (POISON) 
[6] = 0 (POISON) 
[7] = 0 (POISON) 


---------------------------------------------------------------------

